Unity Editor version:    2021.3.8f1 (b30333d56e81)
Branch:                  2021.3/staging
Build type:              Release
Batch mode:              YES
System name:             Linux
Distro version:          #202204271406~1653440576~20.04~6277a18-Ubuntu SMP PREEMPT Thu Ma
Kernel version:          5.17.5-76051705-generic
Architecture:            x86_64
Available memory:        15918 MB
Using pre-set license
Pro License: YES

(Unity:40227): Gdk-CRITICAL **: 17:18:55.953: gdk_window_get_cursor: assertion 'GDK_IS_WINDOW (window)' failed
Desktop is 3840 x 1080 @ 60 Hz
Initialize udev device monitor.

COMMAND LINE ARGUMENTS:
Unity
-adb2
-batchMode
-noUpm
-name
AssetImportWorker0
-projectPath
/home/arseniy/what the dog doin
-logFile
Logs/AssetImportWorker0.log
-srvPort
42169
Successfully changed project path to: /home/arseniy/what the dog doin
/home/arseniy/what the dog doin
[UnityMemory] Configuration Parameters - Can be set up in boot.config
    "memorysetup-bucket-allocator-granularity=16"
    "memorysetup-bucket-allocator-bucket-count=8"
    "memorysetup-bucket-allocator-block-size=33554432"
    "memorysetup-bucket-allocator-block-count=8"
    "memorysetup-main-allocator-block-size=16777216"
    "memorysetup-thread-allocator-block-size=16777216"
    "memorysetup-gfx-main-allocator-block-size=16777216"
    "memorysetup-gfx-thread-allocator-block-size=16777216"
    "memorysetup-cache-allocator-block-size=4194304"
    "memorysetup-typetree-allocator-block-size=2097152"
    "memorysetup-profiler-bucket-allocator-granularity=16"
    "memorysetup-profiler-bucket-allocator-bucket-count=8"
    "memorysetup-profiler-bucket-allocator-block-size=33554432"
    "memorysetup-profiler-bucket-allocator-block-count=8"
    "memorysetup-profiler-allocator-block-size=16777216"
    "memorysetup-profiler-editor-allocator-block-size=1048576"
    "memorysetup-temp-allocator-size-main=16777216"
    "memorysetup-job-temp-allocator-block-size=2097152"
    "memorysetup-job-temp-allocator-block-size-background=1048576"
    "memorysetup-job-temp-allocator-reduction-small-platforms=262144"
    "memorysetup-temp-allocator-size-background-worker=32768"
    "memorysetup-temp-allocator-size-job-worker=262144"
    "memorysetup-temp-allocator-size-preload-manager=33554432"
    "memorysetup-temp-allocator-size-nav-mesh-worker=65536"
    "memorysetup-temp-allocator-size-audio-worker=65536"
    "memorysetup-temp-allocator-size-cloud-worker=32768"
    "memorysetup-temp-allocator-size-gi-baking-worker=262144"
    "memorysetup-temp-allocator-size-gfx=262144"
Refreshing native plugins compatible for Editor in 109,38 ms, found 0 plugins.
Preloading 0 native plugins for Editor in 0,00 ms.
Initialize engine version: 2021.3.8f1 (b30333d56e81)
[Subsystems] Discovering subsystems at path /home/arseniy/Unity/Hub/Editor/2021.3.8f1/Editor/Data/Resources/UnitySubsystems
[Subsystems] Discovering subsystems at path /home/arseniy/what the dog doin/Assets
GLX Extensions: GLX_ARB_get_proc_address GLX_ARB_multisample GLX_EXT_visual_info GLX_EXT_visual_rating GLX_EXT_import_context GLX_SGI_video_sync GLX_SGIX_fbconfig GLX_SGIX_pbuffer GLX_SGI_swap_control GLX_EXT_swap_control GLX_EXT_swap_control_tear GLX_EXT_buffer_age GLX_ARB_create_context GLX_ARB_create_context_profile GLX_NV_float_buffer GLX_ARB_fbconfig_float GLX_EXT_texture_from_pixmap GLX_EXT_framebuffer_sRGB GLX_NV_copy_image GLX_EXT_create_context_es_profile GLX_EXT_create_context_es2_profile GLX_ARB_create_context_no_error GLX_ARB_create_context_robustness GLX_NV_delay_before_swap GLX_EXT_stereo_tree GLX_ARB_context_flush_control GLX_NV_robustness_video_memory_purge GLX_NV_multigpu_context 
Renderer: NVIDIA GeForce GTX 1060 3GB/PCIe/SSE2
Vendor:   NVIDIA Corporation
Version:  4.5.0 NVIDIA 470.129.06
GLES:     0
 GL_AMD_multi_draw_indirect GL_AMD_seamless_cubemap_per_texture GL_AMD_vertex_shader_viewport_index GL_AMD_vertex_shader_layer GL_ARB_arrays_of_arrays GL_ARB_base_instance GL_ARB_bindless_texture GL_ARB_blend_func_extended GL_ARB_buffer_storage GL_ARB_clear_buffer_object GL_ARB_clear_texture GL_ARB_clip_control GL_ARB_color_buffer_float GL_ARB_compressed_texture_pixel_storage GL_ARB_conservative_depth GL_ARB_compute_shader GL_ARB_compute_variable_group_size GL_ARB_conditional_render_inverted GL_ARB_copy_buffer GL_ARB_copy_image GL_ARB_cull_distance GL_ARB_debug_output GL_ARB_depth_buffer_float GL_ARB_depth_clamp GL_ARB_depth_texture GL_ARB_derivative_control GL_ARB_direct_state_access GL_ARB_draw_buffers GL_ARB_draw_buffers_blend GL_ARB_draw_indirect GL_ARB_draw_elements_base_vertex GL_ARB_draw_instanced GL_ARB_enhanced_layouts GL_ARB_ES2_compatibility GL_ARB_ES3_compatibility GL_ARB_ES3_1_compatibility GL_ARB_ES3_2_compatibility GL_ARB_explicit_attrib_location GL_ARB_explicit_uniform_location GL_ARB_fragmen
t_coord_conventions GL_ARB_fragment_layer_viewport GL_ARB_fragment_program GL_ARB_fragment_program_shadow GL_ARB_fragment_shader GL_ARB_fragment_shader_interlock GL_ARB_framebuffer_no_attachments GL_ARB_framebuffer_object GL_ARB_framebuffer_sRGB GL_ARB_geometry_shader4 GL_ARB_get_program_binary GL_ARB_get_texture_sub_image GL_ARB_gl_spirv GL_ARB_gpu_shader5 GL_ARB_gpu_shader_fp64 GL_ARB_gpu_shader_int64 GL_ARB_half_float_pixel GL_ARB_half_float_vertex GL_ARB_imaging GL_ARB_indirect_parameters GL_ARB_instanced_arrays GL_ARB_internalformat_query GL_ARB_internalformat_query2 GL_ARB_invalidate_subdata GL_ARB_map_buffer_alignment GL_ARB_map_buffer_range GL_ARB_multi_bind GL_ARB_multi_draw_indirect GL_ARB_multisample GL_ARB_multitexture GL_ARB_occlusion_query GL_ARB_occlusion_query2 GL_ARB_parallel_shader_compile GL_ARB_pipeline_statistics_query GL_ARB_pixel_buffer_object GL_ARB_point_parameters GL_ARB_point_sprite GL_ARB_polygon_offset_clamp GL_ARB_post_depth_coverage GL_ARB_program_interface_query GL_ARB_provoki
ng_vertex GL_ARB_query_buffer_object GL_ARB_robust_buffer_access_behavior GL_ARB_robustness GL_ARB_sample_locations GL_ARB_sample_shading GL_ARB_sampler_objects GL_ARB_seamless_cube_map GL_ARB_seamless_cubemap_per_texture GL_ARB_separate_shader_objects GL_ARB_shader_atomic_counter_ops GL_ARB_shader_atomic_counters GL_ARB_shader_ballot GL_ARB_shader_bit_encoding GL_ARB_shader_clock GL_ARB_shader_draw_parameters GL_ARB_shader_group_vote GL_ARB_shader_image_load_store GL_ARB_shader_image_size GL_ARB_shader_objects GL_ARB_shader_precision GL_ARB_shader_storage_buffer_object GL_ARB_shader_subroutine GL_ARB_shader_texture_image_samples GL_ARB_shader_texture_lod GL_ARB_shading_language_100 GL_ARB_shader_viewport_layer_array GL_ARB_shading_language_420pack GL_ARB_shading_language_include GL_ARB_shading_language_packing GL_ARB_shadow GL_ARB_sparse_buffer GL_ARB_sparse_texture GL_ARB_sparse_texture2 GL_ARB_sparse_texture_clamp GL_ARB_spirv_extensions GL_ARB_stencil_texturing GL_ARB_sync GL_ARB_tessellation_shader GL_A
RB_texture_barrier GL_ARB_texture_border_clamp GL_ARB_texture_buffer_object GL_ARB_texture_buffer_object_rgb32 GL_ARB_texture_buffer_range GL_ARB_texture_compression GL_ARB_texture_compression_bptc GL_ARB_texture_compression_rgtc GL_ARB_texture_cube_map GL_ARB_texture_cube_map_array GL_ARB_texture_env_add GL_ARB_texture_env_combine GL_ARB_texture_env_crossbar GL_ARB_texture_env_dot3 GL_ARB_texture_filter_anisotropic GL_ARB_texture_filter_minmax GL_ARB_texture_float GL_ARB_texture_gather GL_ARB_texture_mirror_clamp_to_edge GL_ARB_texture_mirrored_repeat GL_ARB_texture_multisample GL_ARB_texture_non_power_of_two GL_ARB_texture_query_levels GL_ARB_texture_query_lod GL_ARB_texture_rectangle GL_ARB_texture_rg GL_ARB_texture_rgb10_a2ui GL_ARB_texture_stencil8 GL_ARB_texture_storage GL_ARB_texture_storage_multisample GL_ARB_texture_swizzle GL_ARB_texture_view GL_ARB_timer_query GL_ARB_transform_feedback2 GL_ARB_transform_feedback3 GL_ARB_transform_feedback_instanced GL_ARB_transform_feedback_overflow_query GL_ARB_t
ranspose_matrix GL_ARB_uniform_buffer_object GL_ARB_vertex_array_bgra GL_ARB_vertex_array_object GL_ARB_vertex_attrib_64bit GL_ARB_vertex_attrib_binding GL_ARB_vertex_buffer_object GL_ARB_vertex_program GL_ARB_vertex_shader GL_ARB_vertex_type_10f_11f_11f_rev GL_ARB_vertex_type_2_10_10_10_rev GL_ARB_viewport_array GL_ARB_window_pos GL_ATI_draw_buffers GL_ATI_texture_float GL_ATI_texture_mirror_once GL_S3_s3tc GL_EXT_texture_env_add GL_EXT_abgr GL_EXT_bgra GL_EXT_bindable_uniform GL_EXT_blend_color GL_EXT_blend_equation_separate GL_EXT_blend_func_separate GL_EXT_blend_minmax GL_EXT_blend_subtract GL_EXT_compiled_vertex_array GL_EXT_Cg_shader GL_EXT_depth_bounds_test GL_EXT_direct_state_access GL_EXT_draw_buffers2 GL_EXT_draw_instanced GL_EXT_draw_range_elements GL_EXT_fog_coord GL_EXT_framebuffer_blit GL_EXT_framebuffer_multisample GL_EXTX_framebuffer_mixed_formats GL_EXT_framebuffer_multisample_blit_scaled GL_EXT_framebuffer_object GL_EXT_framebuffer_sRGB GL_EXT_geometry_shader4 GL_EXT_gpu_program_parameters 
GL_EXT_gpu_shader4 GL_EXT_multi_draw_arrays GL_EXT_multiview_texture_multisample GL_EXT_multiview_timer_query GL_EXT_packed_depth_stencil GL_EXT_packed_float GL_EXT_packed_pixels GL_EXT_pixel_buffer_object GL_EXT_point_parameters GL_EXT_polygon_offset_clamp GL_EXT_post_depth_coverage GL_EXT_provoking_vertex GL_EXT_raster_multisample GL_EXT_rescale_normal GL_EXT_secondary_color GL_EXT_separate_shader_objects GL_EXT_separate_specular_color GL_EXT_shader_image_load_formatted GL_EXT_shader_image_load_store GL_EXT_shader_integer_mix GL_EXT_shadow_funcs GL_EXT_sparse_texture2 GL_EXT_stencil_two_side GL_EXT_stencil_wrap GL_EXT_texture3D GL_EXT_texture_array GL_EXT_texture_buffer_object GL_EXT_texture_compression_dxt1 GL_EXT_texture_compression_latc GL_EXT_texture_compression_rgtc GL_EXT_texture_compression_s3tc GL_EXT_texture_cube_map GL_EXT_texture_edge_clamp GL_EXT_texture_env_combine GL_EXT_texture_env_dot3 GL_EXT_texture_filter_anisotropic GL_EXT_texture_filter_minmax GL_EXT_texture_integer GL_EXT_texture_lod G
L_EXT_texture_lod_bias GL_EXT_texture_mirror_clamp GL_EXT_texture_object GL_EXT_texture_shadow_lod GL_EXT_texture_shared_exponent GL_EXT_texture_sRGB GL_EXT_texture_sRGB_R8 GL_EXT_texture_sRGB_decode GL_EXT_texture_storage GL_EXT_texture_swizzle GL_EXT_timer_query GL_EXT_transform_feedback2 GL_EXT_vertex_array GL_EXT_vertex_array_bgra GL_EXT_vertex_attrib_64bit GL_EXT_window_rectangles GL_EXT_x11_sync_object GL_EXT_import_sync_object GL_NV_robustness_video_memory_purge GL_IBM_rasterpos_clip GL_IBM_texture_mirrored_repeat GL_KHR_context_flush_control GL_KHR_debug GL_EXT_memory_object GL_EXT_memory_object_fd GL_NV_memory_object_sparse GL_KHR_parallel_shader_compile GL_KHR_no_error GL_KHR_robust_buffer_access_behavior GL_KHR_robustness GL_EXT_semaphore GL_EXT_semaphore_fd GL_NV_timeline_semaphore GL_KHR_shader_subgroup GL_KTX_buffer_region GL_NV_alpha_to_coverage_dither_control GL_NV_bindless_multi_draw_indirect GL_NV_bindless_multi_draw_indirect_count GL_NV_bindless_texture GL_NV_blend_equation_advanced GL_NV_
blend_equation_advanced_coherent GL_NVX_blend_equation_advanced_multi_draw_buffers GL_NV_blend_minmax_factor GL_NV_blend_square GL_NV_clip_space_w_scaling GL_NV_command_list GL_NV_compute_program5 GL_NV_conditional_render GL_NV_conservative_raster GL_NV_conservative_raster_dilate GL_NV_conservative_raster_pre_snap_triangles GL_NV_copy_depth_to_color GL_NV_copy_image GL_NV_depth_buffer_float GL_NV_depth_clamp GL_NV_draw_texture GL_NV_draw_vulkan_image GL_NV_ES1_1_compatibility GL_NV_ES3_1_compatibility GL_NV_explicit_multisample GL_NV_feature_query GL_NV_fence GL_NV_fill_rectangle GL_NV_float_buffer GL_NV_fog_distance GL_NV_fragment_coverage_to_color GL_NV_fragment_program GL_NV_fragment_program_option GL_NV_fragment_program2 GL_NV_fragment_shader_interlock GL_NV_framebuffer_mixed_samples GL_NV_framebuffer_multisample_coverage GL_NV_geometry_shader4 GL_NV_geometry_shader_passthrough GL_NV_gpu_program4 GL_NV_internalformat_sample_query GL_NV_gpu_program4_1 GL_NV_gpu_program5 GL_NV_gpu_program5_mem_extended GL_
NV_gpu_program_fp64 GL_NV_gpu_shader5 GL_NV_half_float GL_NV_light_max_exponent GL_NV_memory_attachment GL_NV_multisample_coverage GL_NV_multisample_filter_hint GL_NV_occlusion_query GL_NV_packed_depth_stencil GL_NV_parameter_buffer_object GL_NV_parameter_buffer_object2 GL_NV_path_rendering GL_NV_path_rendering_shared_edge GL_NV_pixel_data_range GL_NV_point_sprite GL_NV_primitive_restart GL_NV_query_resource GL_NV_query_resource_tag GL_NV_register_combiners GL_NV_register_combiners2 GL_NV_sample_locations GL_NV_sample_mask_override_coverage GL_NV_shader_atomic_counters GL_NV_shader_atomic_float GL_NV_shader_atomic_float64 GL_NV_shader_atomic_fp16_vector GL_NV_shader_atomic_int64 GL_NV_shader_buffer_load GL_NV_shader_storage_buffer_object GL_NV_shader_subgroup_partitioned GL_NV_stereo_view_rendering GL_NV_texgen_reflection GL_NV_texture_barrier GL_NV_texture_compression_vtc GL_NV_texture_env_combine4 GL_NV_texture_multisample GL_NV_texture_rectangle GL_NV_texture_rectangle_compressed GL_NV_texture_shader GL_N
V_texture_shader2 GL_NV_texture_shader3 GL_NV_transform_feedback GL_NV_transform_feedback2 GL_NV_uniform_buffer_unified_memory GL_NV_vdpau_interop GL_NV_vdpau_interop2 GL_NV_vertex_array_range GL_NV_vertex_array_range2 GL_NV_vertex_attrib_integer_64bit GL_NV_vertex_buffer_unified_memory GL_NV_vertex_program GL_NV_vertex_program1_1 GL_NV_vertex_program2 GL_NV_vertex_program2_option GL_NV_vertex_program3 GL_NV_viewport_array2 GL_NV_viewport_swizzle GL_NVX_conditional_render GL_NV_gpu_multicast GL_NVX_progress_fence GL_NVX_gpu_memory_info GL_NVX_nvenc_interop GL_NV_shader_thread_group GL_NV_shader_thread_shuffle GL_KHR_blend_equation_advanced GL_KHR_blend_equation_advanced_coherent GL_OVR_multiview GL_OVR_multiview2 GL_SGIS_generate_mipmap GL_SGIS_texture_lod GL_SGIX_depth_texture GL_SGIX_shadow GL_SUN_slice_accum
OPENGL LOG: Creating OpenGL 4.5 graphics device ; Context level  <OpenGL 4.5> ; Context handle 891093496
Initialize mono
Mono path[0] = '/home/arseniy/Unity/Hub/Editor/2021.3.8f1/Editor/Data/Managed'
Mono path[1] = '/home/arseniy/Unity/Hub/Editor/2021.3.8f1/Editor/Data/MonoBleedingEdge/lib/mono/unityjit-linux'
Mono config path = '/home/arseniy/Unity/Hub/Editor/2021.3.8f1/Editor/Data/MonoBleedingEdge/etc'
Using monoOptions --debugger-agent=transport=dt_socket,embedding=1,server=y,suspend=n,address=127.0.0.1:56227
Begin MonoManager ReloadAssembly
Registering precompiled unity dll's ...
Register platform support module: /home/arseniy/Unity/Hub/Editor/2021.3.8f1/Editor/Data/PlaybackEngines/WebGLSupport/UnityEditor.WebGL.Extensions.dll
Register platform support module: /home/arseniy/Unity/Hub/Editor/2021.3.8f1/Editor/Data/PlaybackEngines/AndroidPlayer/UnityEditor.Android.Extensions.dll
Register platform support module: /home/arseniy/Unity/Hub/Editor/2021.3.8f1/Editor/Data/PlaybackEngines/WindowsStandaloneSupport/UnityEditor.WindowsStandalone.Extensions.dll
Register platform support module: /home/arseniy/Unity/Hub/Editor/2021.3.8f1/Editor/Data/PlaybackEngines/LinuxStandaloneSupport/UnityEditor.LinuxStandalone.Extensions.dll
Registered in 0,005130 seconds.
Native extension for LinuxStandalone target not found
Native extension for WindowsStandalone target not found
Native extension for Android target not found
Native extension for WebGL target not found
Refreshing native plugins compatible for Editor in 107,59 ms, found 0 plugins.
Preloading 0 native plugins for Editor in 0,00 ms.
Mono: successfully reloaded assembly
- Completed reload, in  0,586 seconds
Domain Reload Profiling:
	ReloadAssembly (586ms)
		BeginReloadAssembly (41ms)
			ExecutionOrderSort (0ms)
			DisableScriptedObjects (0ms)
			BackupInstance (0ms)
			ReleaseScriptingObjects (0ms)
			CreateAndSetChildDomain (1ms)
		EndReloadAssembly (451ms)
			LoadAssemblies (40ms)
			RebuildTransferFunctionScriptingTraits (0ms)
			SetupTypeCache (91ms)
			ReleaseScriptCaches (0ms)
			RebuildScriptCaches (30ms)
			SetupLoadedEditorAssemblies (284ms)
				LogAssemblyErrors (0ms)
				InitializePlatformSupportModulesInManaged (40ms)
				SetLoadedEditorAssemblies (0ms)
				RefreshPlugins (108ms)
				BeforeProcessingInitializeOnLoad (1ms)
				ProcessInitializeOnLoadAttributes (97ms)
				ProcessInitializeOnLoadMethodAttributes (38ms)
				AfterProcessingInitializeOnLoad (0ms)
				EditorAssembliesLoaded (0ms)
			ExecutionOrderSort2 (0ms)
			AwakeInstancesAfterBackupRestoration (0ms)
Platform modules already initialized, skipping
Registering precompiled user dll's ...
Registered in 0,002911 seconds.
Begin MonoManager ReloadAssembly
Symbol file LoadedFromMemory doesn't match image /home/arseniy/what the dog doin/Library/PackageCache/com.unity.visualscripting@1.7.8/Editor/VisualScripting.Core/Dependencies/YamlDotNet/Unity.VisualScripting.YamlDotNet.dll
Symbol file LoadedFromMemory doesn't match image /home/arseniy/what the dog doin/Library/PackageCache/com.unity.visualscripting@1.7.8/Editor/VisualScripting.Core/Dependencies/DotNetZip/Unity.VisualScripting.IonicZip.dll
Native extension for LinuxStandalone target not found
Native extension for WindowsStandalone target not found
Native extension for Android target not found
Native extension for WebGL target not found
Refreshing native plugins compatible for Editor in 113,11 ms, found 0 plugins.
Preloading 0 native plugins for Editor in 0,00 ms.
UpdateMenuTitleForLanguage: 10
Mono: successfully reloaded assembly
- Completed reload, in  1,224 seconds
Domain Reload Profiling:
	ReloadAssembly (1225ms)
		BeginReloadAssembly (81ms)
			ExecutionOrderSort (0ms)
			DisableScriptedObjects (5ms)
			BackupInstance (0ms)
			ReleaseScriptingObjects (0ms)
			CreateAndSetChildDomain (16ms)
		EndReloadAssembly (1044ms)
			LoadAssemblies (59ms)
			RebuildTransferFunctionScriptingTraits (0ms)
			SetupTypeCache (284ms)
			ReleaseScriptCaches (1ms)
			RebuildScriptCaches (69ms)
			SetupLoadedEditorAssemblies (581ms)
				LogAssemblyErrors (0ms)
				InitializePlatformSupportModulesInManaged (14ms)
				SetLoadedEditorAssemblies (0ms)
				RefreshPlugins (113ms)
				BeforeProcessingInitializeOnLoad (105ms)
				ProcessInitializeOnLoadAttributes (245ms)
				ProcessInitializeOnLoadMethodAttributes (99ms)
				AfterProcessingInitializeOnLoad (4ms)
				EditorAssembliesLoaded (0ms)
			ExecutionOrderSort2 (0ms)
			AwakeInstancesAfterBackupRestoration (3ms)
Platform modules already initialized, skipping
========================================================================
Worker process is ready to serve import requests
Launched and connected shader compiler UnityShaderCompiler after 0.01 seconds
Refreshing native plugins compatible for Editor in 1,23 ms, found 0 plugins.
Preloading 0 native plugins for Editor in 0,00 ms.
Unloading 5952 Unused Serialized files (Serialized files now loaded: 0)
Unloading 38 unused Assets / (283,4 KB). Loaded Objects now: 6440.
Memory consumption went from 246,1 MB to 245,8 MB.
Total: 5,259170 ms (FindLiveObjects: 0,720264 ms CreateObjectMapping: 0,817176 ms MarkObjects: 3,354418 ms  DeleteObjects: 0,366283 ms)

AssetImportParameters requested are different than current active one (requested -> active):
  custom:video-decoder-ogg-theora: a1e56fd34408186e4bbccfd4996cb3dc -> 
  custom:container-muxer-webm: aa71ff27fc2769a1b78a27578f13a17b -> 
  custom:container-demuxer-webm: 4f35f7cbe854078d1ac9338744f61a02 -> 
  custom:video-encoder-webm-vp8: eb34c28f22e8b96e1ab97ce403110664 -> 
  custom:audio-encoder-webm-vorbis: bf7c407c2cedff20999df2af8eb42d56 -> 
  custom:container-demuxer-ogg: 62fdf1f143b41e24485cea50d1cbac27 -> 
  custom:video-decoder-webm-vp8: 9c59270c3fd7afecdb556c50c9e8de78 -> 
  custom:audio-decoder-ogg-vorbis: bf7c407c2cedff20999df2af8eb42d56 -> 
========================================================================
Received Import Request.
  Time since last request: 20860,815476 seconds.
  path: Assets/Materials/dog.mat
  artifactKey: Guid(14e6d3e7ea8105ec2a50ab1ce6195670) Importer(815301076,1909f56bfc062723c751e8b465ee728b)
Start importing Assets/Materials/dog.mat using Guid(14e6d3e7ea8105ec2a50ab1ce6195670) Importer(815301076,1909f56bfc062723c751e8b465ee728b)  -> (artifact id: '2e080b04ce294f4a03988967f3e4fc30') in 0,439102 seconds 
========================================================================
Received Import Request.
  Time since last request: 0,000037 seconds.
  path: Assets/Materials/grin.mat
  artifactKey: Guid(7f87473c6cb9e466ea7b60b6f6057885) Importer(815301076,1909f56bfc062723c751e8b465ee728b)
Start importing Assets/Materials/grin.mat using Guid(7f87473c6cb9e466ea7b60b6f6057885) Importer(815301076,1909f56bfc062723c751e8b465ee728b)  -> (artifact id: '3a48280508fc0ad8547604f26bda2b16') in 0,477460 seconds 
========================================================================
Received Import Request.
  Time since last request: 0,000036 seconds.
  path: Assets/Materials/New Material.mat
  artifactKey: Guid(5d52bc09beeb1055e8b67b8f95857a93) Importer(815301076,1909f56bfc062723c751e8b465ee728b)
Start importing Assets/Materials/New Material.mat using Guid(5d52bc09beeb1055e8b67b8f95857a93) Importer(815301076,1909f56bfc062723c751e8b465ee728b)  -> (artifact id: '354eecea96b4e188b5556d3708bc8808') in 0,388134 seconds 
========================================================================
Received Import Request.
  Time since last request: 0,000029 seconds.
  path: Assets/Materials/fur1 2.mat
  artifactKey: Guid(6d6bb904bc871a133a5ae21e7046abf6) Importer(815301076,1909f56bfc062723c751e8b465ee728b)
Start importing Assets/Materials/fur1 2.mat using Guid(6d6bb904bc871a133a5ae21e7046abf6) Importer(815301076,1909f56bfc062723c751e8b465ee728b)  -> (artifact id: '03a18285f6775dd49405ef9de16ab220') in 0,574828 seconds 
========================================================================
Received Import Request.
  Time since last request: 0,000052 seconds.
  path: Assets/Materials/fur1 1.mat
  artifactKey: Guid(45bb6f97035665eae8904192abad3127) Importer(815301076,1909f56bfc062723c751e8b465ee728b)
Start importing Assets/Materials/fur1 1.mat using Guid(45bb6f97035665eae8904192abad3127) Importer(815301076,1909f56bfc062723c751e8b465ee728b)  -> (artifact id: '277d97b4f3d20f100be0268bc1e4f32b') in 0,013576 seconds 
========================================================================
Received Import Request.
  Time since last request: 0,000023 seconds.
  path: Assets/Materials/mirror.mat
  artifactKey: Guid(8af7bf2059fa23efcbd441b3e70cacb6) Importer(815301076,1909f56bfc062723c751e8b465ee728b)
Start importing Assets/Materials/mirror.mat using Guid(8af7bf2059fa23efcbd441b3e70cacb6) Importer(815301076,1909f56bfc062723c751e8b465ee728b)  -> (artifact id: '3bdb1d7ab5667b16fb4354f41e49183b') in 0,172481 seconds 
========================================================================
Received Import Request.
  Time since last request: 0,000067 seconds.
  path: Assets/Materials/glassdeath.ogg
  artifactKey: Guid(22b9750945291b0be860481f8a08fc06) Importer(815301076,1909f56bfc062723c751e8b465ee728b)
Start importing Assets/Materials/glassdeath.ogg using Guid(22b9750945291b0be860481f8a08fc06) Importer(815301076,1909f56bfc062723c751e8b465ee728b)  -> (artifact id: '54efc3c1a2a6929bdc98f4efc0141f60') in 0,216790 seconds 
========================================================================
Received Import Request.
  Time since last request: 0,000033 seconds.
  path: Assets/Materials/viewcam.mat
  artifactKey: Guid(cc1ee20783986d84382eef7c437aafa3) Importer(815301076,1909f56bfc062723c751e8b465ee728b)
Start importing Assets/Materials/viewcam.mat using Guid(cc1ee20783986d84382eef7c437aafa3) Importer(815301076,1909f56bfc062723c751e8b465ee728b)  -> (artifact id: '1a69f995df5f68c8d0d0f8293b3e61e7') in 0,009553 seconds 
========================================================================
Received Import Request.
  Time since last request: 0,000029 seconds.
  path: Assets/Materials/macncheese.fbx
  artifactKey: Guid(4807d6e94bf30d548943ebd3c6d5748f) Importer(815301076,1909f56bfc062723c751e8b465ee728b)
Start importing Assets/Materials/macncheese.fbx using Guid(4807d6e94bf30d548943ebd3c6d5748f) Importer(815301076,1909f56bfc062723c751e8b465ee728b)  -> (artifact id: 'a77ff24d70135d07f2e71ecf59680a7f') in 0,931000 seconds 
========================================================================
Received Import Request.
  Time since last request: 0,000032 seconds.
  path: Assets/Materials/floor.png
  artifactKey: Guid(06190eb4d552742d79f2c0f6f0e84922) Importer(815301076,1909f56bfc062723c751e8b465ee728b)
Start importing Assets/Materials/floor.png using Guid(06190eb4d552742d79f2c0f6f0e84922) Importer(815301076,1909f56bfc062723c751e8b465ee728b)  -> (artifact id: '27c0a18d39678d3499081d1b20676f5c') in 0,010812 seconds 
========================================================================
Received Import Request.
  Time since last request: 0,000027 seconds.
  path: Assets/Materials/NormalMap(1).png
  artifactKey: Guid(35c26ff170d1ba2f9ad4fb9eff594728) Importer(815301076,1909f56bfc062723c751e8b465ee728b)
Start importing Assets/Materials/NormalMap(1).png using Guid(35c26ff170d1ba2f9ad4fb9eff594728) Importer(815301076,1909f56bfc062723c751e8b465ee728b)  -> (artifact id: '16f89e89721e0b833658df03b842b9b6') in 0,226319 seconds 
========================================================================
Received Import Request.
  Time since last request: 0,000033 seconds.
  path: Assets/Materials/win.mat
  artifactKey: Guid(3f006367da24f12acb22924a386ea921) Importer(815301076,1909f56bfc062723c751e8b465ee728b)
Start importing Assets/Materials/win.mat using Guid(3f006367da24f12acb22924a386ea921) Importer(815301076,1909f56bfc062723c751e8b465ee728b)  -> (artifact id: '89678d8466b62672211d988dda6eefc1') in 0,503889 seconds 
========================================================================
Received Import Request.
  Time since last request: 0,000048 seconds.
  path: Assets/Materials/mat.mat
  artifactKey: Guid(8b639f5dc5d21779b96fc3dd2870d355) Importer(815301076,1909f56bfc062723c751e8b465ee728b)
Start importing Assets/Materials/mat.mat using Guid(8b639f5dc5d21779b96fc3dd2870d355) Importer(815301076,1909f56bfc062723c751e8b465ee728b)  -> (artifact id: '06f40fd6e18f27e4c473083f4e91740f') in 0,007892 seconds 
========================================================================
Received Import Request.
  Time since last request: 0,000027 seconds.
  path: Assets/Materials/partic.png
  artifactKey: Guid(c0ac5edf167435c8b843874433d84a4f) Importer(815301076,1909f56bfc062723c751e8b465ee728b)
Start importing Assets/Materials/partic.png using Guid(c0ac5edf167435c8b843874433d84a4f) Importer(815301076,1909f56bfc062723c751e8b465ee728b)  -> (artifact id: '0729b68cd169c14f9f5a16107b4d685a') in 0,016856 seconds 
========================================================================
Received Import Request.
  Time since last request: 0,000020 seconds.
  path: Assets/Materials/texture(3).png
  artifactKey: Guid(edc90fc23b2e27720814898020d36702) Importer(815301076,1909f56bfc062723c751e8b465ee728b)
Start importing Assets/Materials/texture(3).png using Guid(edc90fc23b2e27720814898020d36702) Importer(815301076,1909f56bfc062723c751e8b465ee728b)  -> (artifact id: 'a9dd7a28e0dd4cee7d7df0ca6ae72ee6') in 0,012862 seconds 
========================================================================
Received Import Request.
  Time since last request: 0,000026 seconds.
  path: Assets/Materials/rope text.png
  artifactKey: Guid(f394ed325582ed8b58c43a1fe6a6abca) Importer(815301076,1909f56bfc062723c751e8b465ee728b)
Start importing Assets/Materials/rope text.png using Guid(f394ed325582ed8b58c43a1fe6a6abca) Importer(815301076,1909f56bfc062723c751e8b465ee728b)  -> (artifact id: '1448e081e7902392146c210dbf35489b') in 0,009340 seconds 
========================================================================
Received Import Request.
  Time since last request: 0,000036 seconds.
  path: Assets/Materials/worklight.png
  artifactKey: Guid(4ec58d283816f25dfbe2d66640b16f26) Importer(815301076,1909f56bfc062723c751e8b465ee728b)
Start importing Assets/Materials/worklight.png using Guid(4ec58d283816f25dfbe2d66640b16f26) Importer(815301076,1909f56bfc062723c751e8b465ee728b)  -> (artifact id: 'f93e4e4d2f95fa8c6b56f1271c1a69aa') in 0,009781 seconds 
========================================================================
Received Import Request.
  Time since last request: 0,000028 seconds.
  path: Assets/Materials/glitch.mat
  artifactKey: Guid(8f3b8dba89e8916dfb1fc63fa37e3083) Importer(815301076,1909f56bfc062723c751e8b465ee728b)
Start importing Assets/Materials/glitch.mat using Guid(8f3b8dba89e8916dfb1fc63fa37e3083) Importer(815301076,1909f56bfc062723c751e8b465ee728b)  -> (artifact id: '3899456f25b902eda4e268ed3ce5c36a') in 0,390570 seconds 
========================================================================
Received Import Request.
  Time since last request: 0,000029 seconds.
  path: Assets/Materials/New Material 2.mat
  artifactKey: Guid(431a31a9e26e43431a7642e1aa7c07f0) Importer(815301076,1909f56bfc062723c751e8b465ee728b)
Start importing Assets/Materials/New Material 2.mat using Guid(431a31a9e26e43431a7642e1aa7c07f0) Importer(815301076,1909f56bfc062723c751e8b465ee728b)  -> (artifact id: 'e4bce1762d46420b27eca2486c761823') in 0,503871 seconds 
========================================================================
Received Import Request.
  Time since last request: 0,000053 seconds.
  path: Assets/Materials/NormalMap.png
  artifactKey: Guid(7f3da63d0001023c0bc29318aa0579c9) Importer(815301076,1909f56bfc062723c751e8b465ee728b)
Start importing Assets/Materials/NormalMap.png using Guid(7f3da63d0001023c0bc29318aa0579c9) Importer(815301076,1909f56bfc062723c751e8b465ee728b)  -> (artifact id: '32df51395451b2bcb1ccca6dcb18f384') in 0,008777 seconds 
========================================================================
Received Import Request.
  Time since last request: 0,000021 seconds.
  path: Assets/Materials/rope.mat
  artifactKey: Guid(f0bb58b1b13f49f1c8f0ca761a816f93) Importer(815301076,1909f56bfc062723c751e8b465ee728b)
Start importing Assets/Materials/rope.mat using Guid(f0bb58b1b13f49f1c8f0ca761a816f93) Importer(815301076,1909f56bfc062723c751e8b465ee728b)  -> (artifact id: '860a9db6bd0b4c6a0fa5fa1f6fe08618') in 0,008798 seconds 
========================================================================
Received Import Request.
  Time since last request: 0,000024 seconds.
  path: Assets/Materials/went.png
  artifactKey: Guid(8c7596b1d6508ffa4a33012a5964f2e3) Importer(815301076,1909f56bfc062723c751e8b465ee728b)
Start importing Assets/Materials/went.png using Guid(8c7596b1d6508ffa4a33012a5964f2e3) Importer(815301076,1909f56bfc062723c751e8b465ee728b)  -> (artifact id: '72e7d94158b4c40be5393f3c019ae209') in 0,005955 seconds 
========================================================================
Received Import Request.
  Time since last request: 0,000020 seconds.
  path: Assets/Materials/fur1.mat
  artifactKey: Guid(d87e1477b995e99dfb86f064e8637fa1) Importer(815301076,1909f56bfc062723c751e8b465ee728b)
Start importing Assets/Materials/fur1.mat using Guid(d87e1477b995e99dfb86f064e8637fa1) Importer(815301076,1909f56bfc062723c751e8b465ee728b)  -> (artifact id: '48435fb7030b1b7d78da4effa832cf5f') in 0,012714 seconds 
========================================================================
Received Import Request.
  Time since last request: 0,000027 seconds.
  path: Assets/Materials/eye.mat
  artifactKey: Guid(ed024bf23883daf88b775f4b91bd39d1) Importer(815301076,1909f56bfc062723c751e8b465ee728b)
Start importing Assets/Materials/eye.mat using Guid(ed024bf23883daf88b775f4b91bd39d1) Importer(815301076,1909f56bfc062723c751e8b465ee728b)  -> (artifact id: '2f7e42ca315ca7756192910d5945ea97') in 0,055715 seconds 
========================================================================
Received Import Request.
  Time since last request: 0,000029 seconds.
  path: Assets/Materials/floor.mat
  artifactKey: Guid(96268ca347a0092d1b60587bc2c9742f) Importer(815301076,1909f56bfc062723c751e8b465ee728b)
Start importing Assets/Materials/floor.mat using Guid(96268ca347a0092d1b60587bc2c9742f) Importer(815301076,1909f56bfc062723c751e8b465ee728b)  -> (artifact id: '4bb3711719b40c2140b10a7509c070e4') in 0,011027 seconds 
========================================================================
Received Import Request.
  Time since last request: 0,000025 seconds.
  path: Assets/Materials/New Material 1.mat
  artifactKey: Guid(9b1f813c9c5282e689fbdaaa3fd9d4a8) Importer(815301076,1909f56bfc062723c751e8b465ee728b)
Start importing Assets/Materials/New Material 1.mat using Guid(9b1f813c9c5282e689fbdaaa3fd9d4a8) Importer(815301076,1909f56bfc062723c751e8b465ee728b)  -> (artifact id: '587a70d7c0dc2d354db50cf1080d7a25') in 0,283372 seconds 
========================================================================
Received Prepare
Registering precompiled user dll's ...
Registered in 0,002757 seconds.
Begin MonoManager ReloadAssembly
Symbol file LoadedFromMemory doesn't match image /home/arseniy/what the dog doin/Library/PackageCache/com.unity.visualscripting@1.7.8/Editor/VisualScripting.Core/Dependencies/YamlDotNet/Unity.VisualScripting.YamlDotNet.dll
Symbol file LoadedFromMemory doesn't match image /home/arseniy/what the dog doin/Library/PackageCache/com.unity.visualscripting@1.7.8/Editor/VisualScripting.Core/Dependencies/DotNetZip/Unity.VisualScripting.IonicZip.dll
Native extension for LinuxStandalone target not found
Native extension for WindowsStandalone target not found
Native extension for Android target not found
Native extension for WebGL target not found
Refreshing native plugins compatible for Editor in 0,88 ms, found 0 plugins.
Preloading 0 native plugins for Editor in 0,00 ms.
Mono: successfully reloaded assembly
- Completed reload, in  1,091 seconds
Domain Reload Profiling:
	ReloadAssembly (1092ms)
		BeginReloadAssembly (119ms)
			ExecutionOrderSort (0ms)
			DisableScriptedObjects (8ms)
			BackupInstance (0ms)
			ReleaseScriptingObjects (0ms)
			CreateAndSetChildDomain (45ms)
		EndReloadAssembly (887ms)
			LoadAssemblies (54ms)
			RebuildTransferFunctionScriptingTraits (0ms)
			SetupTypeCache (272ms)
			ReleaseScriptCaches (2ms)
			RebuildScriptCaches (48ms)
			SetupLoadedEditorAssemblies (417ms)
				LogAssemblyErrors (0ms)
				InitializePlatformSupportModulesInManaged (19ms)
				SetLoadedEditorAssemblies (0ms)
				RefreshPlugins (1ms)
				BeforeProcessingInitializeOnLoad (72ms)
				ProcessInitializeOnLoadAttributes (226ms)
				ProcessInitializeOnLoadMethodAttributes (94ms)
				AfterProcessingInitializeOnLoad (4ms)
				EditorAssembliesLoaded (0ms)
			ExecutionOrderSort2 (0ms)
			AwakeInstancesAfterBackupRestoration (27ms)
Platform modules already initialized, skipping
Refreshing native plugins compatible for Editor in 1,77 ms, found 0 plugins.
Preloading 0 native plugins for Editor in 0,00 ms.
Unloading 5789 Unused Serialized files (Serialized files now loaded: 0)
Unloading 28 unused Assets / (282,9 KB). Loaded Objects now: 6555.
Memory consumption went from 238,7 MB to 238,4 MB.
Total: 4,394455 ms (FindLiveObjects: 0,417175 ms CreateObjectMapping: 0,428733 ms MarkObjects: 3,129007 ms  DeleteObjects: 0,417813 ms)

AssetImportParameters requested are different than current active one (requested -> active):
  custom:video-decoder-ogg-theora: a1e56fd34408186e4bbccfd4996cb3dc -> 
  custom:container-muxer-webm: aa71ff27fc2769a1b78a27578f13a17b -> 
  custom:container-demuxer-webm: 4f35f7cbe854078d1ac9338744f61a02 -> 
  custom:video-encoder-webm-vp8: eb34c28f22e8b96e1ab97ce403110664 -> 
  custom:audio-encoder-webm-vorbis: bf7c407c2cedff20999df2af8eb42d56 -> 
  custom:container-demuxer-ogg: 62fdf1f143b41e24485cea50d1cbac27 -> 
  custom:video-decoder-webm-vp8: 9c59270c3fd7afecdb556c50c9e8de78 -> 
  custom:audio-decoder-ogg-vorbis: bf7c407c2cedff20999df2af8eb42d56 -> 
========================================================================
Received Prepare
Registering precompiled user dll's ...
Registered in 0,002711 seconds.
Begin MonoManager ReloadAssembly
Symbol file LoadedFromMemory doesn't match image /home/arseniy/what the dog doin/Library/PackageCache/com.unity.visualscripting@1.7.8/Editor/VisualScripting.Core/Dependencies/YamlDotNet/Unity.VisualScripting.YamlDotNet.dll
Symbol file LoadedFromMemory doesn't match image /home/arseniy/what the dog doin/Library/PackageCache/com.unity.visualscripting@1.7.8/Editor/VisualScripting.Core/Dependencies/DotNetZip/Unity.VisualScripting.IonicZip.dll
Native extension for LinuxStandalone target not found
Native extension for WindowsStandalone target not found
Native extension for Android target not found
Native extension for WebGL target not found
Refreshing native plugins compatible for Editor in 0,90 ms, found 0 plugins.
Preloading 0 native plugins for Editor in 0,00 ms.
Mono: successfully reloaded assembly
- Completed reload, in  1,411 seconds
Domain Reload Profiling:
	ReloadAssembly (1412ms)
		BeginReloadAssembly (106ms)
			ExecutionOrderSort (0ms)
			DisableScriptedObjects (7ms)
			BackupInstance (0ms)
			ReleaseScriptingObjects (0ms)
			CreateAndSetChildDomain (38ms)
		EndReloadAssembly (1219ms)
			LoadAssemblies (51ms)
			RebuildTransferFunctionScriptingTraits (0ms)
			SetupTypeCache (272ms)
			ReleaseScriptCaches (2ms)
			RebuildScriptCaches (53ms)
			SetupLoadedEditorAssemblies (624ms)
				LogAssemblyErrors (0ms)
				InitializePlatformSupportModulesInManaged (19ms)
				SetLoadedEditorAssemblies (0ms)
				RefreshPlugins (1ms)
				BeforeProcessingInitializeOnLoad (72ms)
				ProcessInitializeOnLoadAttributes (435ms)
				ProcessInitializeOnLoadMethodAttributes (93ms)
				AfterProcessingInitializeOnLoad (4ms)
				EditorAssembliesLoaded (0ms)
			ExecutionOrderSort2 (0ms)
			AwakeInstancesAfterBackupRestoration (136ms)
Platform modules already initialized, skipping
Refreshing native plugins compatible for Editor in 1,66 ms, found 0 plugins.
Preloading 0 native plugins for Editor in 0,00 ms.
Unloading 5788 Unused Serialized files (Serialized files now loaded: 0)
Unloading 28 unused Assets / (282,8 KB). Loaded Objects now: 6559.
Memory consumption went from 238,5 MB to 238,2 MB.
Total: 4,905608 ms (FindLiveObjects: 0,436008 ms CreateObjectMapping: 0,471467 ms MarkObjects: 3,715506 ms  DeleteObjects: 0,281320 ms)

AssetImportParameters requested are different than current active one (requested -> active):
  custom:video-decoder-ogg-theora: a1e56fd34408186e4bbccfd4996cb3dc -> 
  custom:container-muxer-webm: aa71ff27fc2769a1b78a27578f13a17b -> 
  custom:container-demuxer-webm: 4f35f7cbe854078d1ac9338744f61a02 -> 
  custom:video-encoder-webm-vp8: eb34c28f22e8b96e1ab97ce403110664 -> 
  custom:audio-encoder-webm-vorbis: bf7c407c2cedff20999df2af8eb42d56 -> 
  custom:container-demuxer-ogg: 62fdf1f143b41e24485cea50d1cbac27 -> 
  custom:video-decoder-webm-vp8: 9c59270c3fd7afecdb556c50c9e8de78 -> 
  custom:audio-decoder-ogg-vorbis: bf7c407c2cedff20999df2af8eb42d56 -> 
========================================================================
Received Prepare
Registering precompiled user dll's ...
Registered in 0,002698 seconds.
Begin MonoManager ReloadAssembly
Symbol file LoadedFromMemory doesn't match image /home/arseniy/what the dog doin/Library/PackageCache/com.unity.visualscripting@1.7.8/Editor/VisualScripting.Core/Dependencies/YamlDotNet/Unity.VisualScripting.YamlDotNet.dll
Symbol file LoadedFromMemory doesn't match image /home/arseniy/what the dog doin/Library/PackageCache/com.unity.visualscripting@1.7.8/Editor/VisualScripting.Core/Dependencies/DotNetZip/Unity.VisualScripting.IonicZip.dll
Native extension for LinuxStandalone target not found
Native extension for WindowsStandalone target not found
Native extension for Android target not found
Native extension for WebGL target not found
Refreshing native plugins compatible for Editor in 0,90 ms, found 0 plugins.
Preloading 0 native plugins for Editor in 0,00 ms.
Mono: successfully reloaded assembly
- Completed reload, in  1,079 seconds
Domain Reload Profiling:
	ReloadAssembly (1080ms)
		BeginReloadAssembly (103ms)
			ExecutionOrderSort (0ms)
			DisableScriptedObjects (6ms)
			BackupInstance (0ms)
			ReleaseScriptingObjects (0ms)
			CreateAndSetChildDomain (36ms)
		EndReloadAssembly (885ms)
			LoadAssemblies (50ms)
			RebuildTransferFunctionScriptingTraits (0ms)
			SetupTypeCache (274ms)
			ReleaseScriptCaches (2ms)
			RebuildScriptCaches (51ms)
			SetupLoadedEditorAssemblies (419ms)
				LogAssemblyErrors (0ms)
				InitializePlatformSupportModulesInManaged (19ms)
				SetLoadedEditorAssemblies (0ms)
				RefreshPlugins (1ms)
				BeforeProcessingInitializeOnLoad (74ms)
				ProcessInitializeOnLoadAttributes (224ms)
				ProcessInitializeOnLoadMethodAttributes (95ms)
				AfterProcessingInitializeOnLoad (4ms)
				EditorAssembliesLoaded (0ms)
			ExecutionOrderSort2 (0ms)
			AwakeInstancesAfterBackupRestoration (16ms)
Platform modules already initialized, skipping
Refreshing native plugins compatible for Editor in 1,84 ms, found 0 plugins.
Preloading 0 native plugins for Editor in 0,00 ms.
Unloading 5788 Unused Serialized files (Serialized files now loaded: 0)
Unloading 28 unused Assets / (287,4 KB). Loaded Objects now: 6563.
Memory consumption went from 238,5 MB to 238,3 MB.
Total: 4,442200 ms (FindLiveObjects: 0,465407 ms CreateObjectMapping: 0,429141 ms MarkObjects: 3,252905 ms  DeleteObjects: 0,293783 ms)

AssetImportParameters requested are different than current active one (requested -> active):
  custom:video-decoder-ogg-theora: a1e56fd34408186e4bbccfd4996cb3dc -> 
  custom:container-muxer-webm: aa71ff27fc2769a1b78a27578f13a17b -> 
  custom:container-demuxer-webm: 4f35f7cbe854078d1ac9338744f61a02 -> 
  custom:video-encoder-webm-vp8: eb34c28f22e8b96e1ab97ce403110664 -> 
  custom:audio-encoder-webm-vorbis: bf7c407c2cedff20999df2af8eb42d56 -> 
  custom:container-demuxer-ogg: 62fdf1f143b41e24485cea50d1cbac27 -> 
  custom:video-decoder-webm-vp8: 9c59270c3fd7afecdb556c50c9e8de78 -> 
  custom:audio-decoder-ogg-vorbis: bf7c407c2cedff20999df2af8eb42d56 -> 
========================================================================
Received Import Request.
  Time since last request: 683,721557 seconds.
  path: Assets/Materials/ABOBA.wav
  artifactKey: Guid(6678ce43ac1069ce58d1b5345e7878e6) Importer(815301076,1909f56bfc062723c751e8b465ee728b)
Start importing Assets/Materials/ABOBA.wav using Guid(6678ce43ac1069ce58d1b5345e7878e6) Importer(815301076,1909f56bfc062723c751e8b465ee728b)  -> (artifact id: '6319cd4a0bb673845b451c2c061063ed') in 0,041920 seconds 
========================================================================
Received Import Request.
  Time since last request: 0,000018 seconds.
  path: Assets/Materials/cola.png
  artifactKey: Guid(5653004431a76e92d9200a8f58579098) Importer(815301076,1909f56bfc062723c751e8b465ee728b)
Start importing Assets/Materials/cola.png using Guid(5653004431a76e92d9200a8f58579098) Importer(815301076,1909f56bfc062723c751e8b465ee728b)  -> (artifact id: '6b3e24a33feafe971336d42f92185564') in 0,015596 seconds 
========================================================================
Received Import Request.
  Time since last request: 0,000020 seconds.
  path: Assets/Materials/bricks.mat
  artifactKey: Guid(cb300ad6c5fc4bd30be9d1ebba81328b) Importer(815301076,1909f56bfc062723c751e8b465ee728b)
Start importing Assets/Materials/bricks.mat using Guid(cb300ad6c5fc4bd30be9d1ebba81328b) Importer(815301076,1909f56bfc062723c751e8b465ee728b)  -> (artifact id: 'd17ef39ed99902c4f814361d0a6f48a1') in 0,634652 seconds 
========================================================================
Received Import Request.
  Time since last request: 0,000146 seconds.
  path: Assets/Materials/couch.mat
  artifactKey: Guid(544088530bfa3b867adaa86e3802ccdf) Importer(815301076,1909f56bfc062723c751e8b465ee728b)
Start importing Assets/Materials/couch.mat using Guid(544088530bfa3b867adaa86e3802ccdf) Importer(815301076,1909f56bfc062723c751e8b465ee728b)  -> (artifact id: '92e813eb61424dcbd5b2805a09476094') in 0,027565 seconds 
========================================================================
Received Import Request.
  Time since last request: 0,000117 seconds.
  path: Assets/Materials/compllyblack.mat
  artifactKey: Guid(af5a1912cc2c57087b49985ad00e2036) Importer(815301076,1909f56bfc062723c751e8b465ee728b)
Start importing Assets/Materials/compllyblack.mat using Guid(af5a1912cc2c57087b49985ad00e2036) Importer(815301076,1909f56bfc062723c751e8b465ee728b)  -> (artifact id: 'c83af47cc8e430faa166c1cefc7b79e3') in 0,138903 seconds 
========================================================================
Received Import Request.
  Time since last request: 0,000053 seconds.
  path: Assets/Materials/Bricks.png
  artifactKey: Guid(7c49108fbb8e4e45e9999705ebfb8c5b) Importer(815301076,1909f56bfc062723c751e8b465ee728b)
Start importing Assets/Materials/Bricks.png using Guid(7c49108fbb8e4e45e9999705ebfb8c5b) Importer(815301076,1909f56bfc062723c751e8b465ee728b)  -> (artifact id: '1128a580146c6699a2b383d2954be27b') in 0,007436 seconds 
========================================================================
Received Import Request.
  Time since last request: 0,000031 seconds.
  path: Assets/Materials/asphaly.mat
  artifactKey: Guid(58a312e322953c1c1964b358f4364448) Importer(815301076,1909f56bfc062723c751e8b465ee728b)
Start importing Assets/Materials/asphaly.mat using Guid(58a312e322953c1c1964b358f4364448) Importer(815301076,1909f56bfc062723c751e8b465ee728b)  -> (artifact id: '64e4b7d4c3721591f21c7b01c9a51876') in 0,731924 seconds 
========================================================================
Received Import Request.
  Time since last request: 1727,650716 seconds.
  path: Assets/Scenes/End.unity
  artifactKey: Guid(2d75359fd033984cb9a894dce31f7aae) Importer(815301076,1909f56bfc062723c751e8b465ee728b)
Start importing Assets/Scenes/End.unity using Guid(2d75359fd033984cb9a894dce31f7aae) Importer(815301076,1909f56bfc062723c751e8b465ee728b)  -> (artifact id: '9b22c7656475e2cf685de29451978a5f') in 0,045050 seconds 
========================================================================
Received Import Request.
  Time since last request: 1868,812315 seconds.
  path: Assets/Scenes/lofi lol.mp3
  artifactKey: Guid(f12cede38775846bd86ef00d0c3d3162) Importer(815301076,1909f56bfc062723c751e8b465ee728b)
Start importing Assets/Scenes/lofi lol.mp3 using Guid(f12cede38775846bd86ef00d0c3d3162) Importer(815301076,1909f56bfc062723c751e8b465ee728b)  -> (artifact id: '549656baee6da67a14c2d40db31201cc') in 0,135730 seconds 
========================================================================
Received Import Request.
  Time since last request: 21,168551 seconds.
  path: Assets/Scenes/SampleScene.unity
  artifactKey: Guid(d1c3109bdb54ad54c8a2b2838528e640) Importer(815301076,1909f56bfc062723c751e8b465ee728b)
Start importing Assets/Scenes/SampleScene.unity using Guid(d1c3109bdb54ad54c8a2b2838528e640) Importer(815301076,1909f56bfc062723c751e8b465ee728b)  -> (artifact id: '5156a9fd466859a147a9ab21e98ebb3d') in 0,009762 seconds 
========================================================================
Received Prepare
Refreshing native plugins compatible for Editor in 3,42 ms, found 0 plugins.
Preloading 0 native plugins for Editor in 0,00 ms.
Unloading 28 Unused Serialized files (Serialized files now loaded: 0)
Unloading 28 unused Assets / (287,6 KB). Loaded Objects now: 6639.
Memory consumption went from 122,3 MB to 122,0 MB.
Total: 12,546958 ms (FindLiveObjects: 0,548186 ms CreateObjectMapping: 0,497136 ms MarkObjects: 11,194442 ms  DeleteObjects: 0,305882 ms)

AssetImportParameters requested are different than current active one (requested -> active):
  custom:video-decoder-ogg-theora: a1e56fd34408186e4bbccfd4996cb3dc -> 
  custom:container-muxer-webm: aa71ff27fc2769a1b78a27578f13a17b -> 
  custom:container-demuxer-webm: 4f35f7cbe854078d1ac9338744f61a02 -> 
  custom:video-encoder-webm-vp8: eb34c28f22e8b96e1ab97ce403110664 -> 
  custom:audio-encoder-webm-vorbis: bf7c407c2cedff20999df2af8eb42d56 -> 
  custom:container-demuxer-ogg: 62fdf1f143b41e24485cea50d1cbac27 -> 
  custom:video-decoder-webm-vp8: 9c59270c3fd7afecdb556c50c9e8de78 -> 
  custom:audio-decoder-ogg-vorbis: bf7c407c2cedff20999df2af8eb42d56 -> 
========================================================================
Received Prepare
Refreshing native plugins compatible for Editor in 4,53 ms, found 0 plugins.
Preloading 0 native plugins for Editor in 0,00 ms.
Unloading 28 Unused Serialized files (Serialized files now loaded: 0)
Unloading 28 unused Assets / (269,9 KB). Loaded Objects now: 6639.
Memory consumption went from 122,3 MB to 122,0 MB.
Total: 5,196555 ms (FindLiveObjects: 0,499081 ms CreateObjectMapping: 0,402405 ms MarkObjects: 4,028417 ms  DeleteObjects: 0,265139 ms)

AssetImportParameters requested are different than current active one (requested -> active):
  custom:video-decoder-ogg-theora: a1e56fd34408186e4bbccfd4996cb3dc -> 
  custom:container-muxer-webm: aa71ff27fc2769a1b78a27578f13a17b -> 
  custom:container-demuxer-webm: 4f35f7cbe854078d1ac9338744f61a02 -> 
  custom:video-encoder-webm-vp8: eb34c28f22e8b96e1ab97ce403110664 -> 
  custom:audio-encoder-webm-vorbis: bf7c407c2cedff20999df2af8eb42d56 -> 
  custom:container-demuxer-ogg: 62fdf1f143b41e24485cea50d1cbac27 -> 
  custom:video-decoder-webm-vp8: 9c59270c3fd7afecdb556c50c9e8de78 -> 
  custom:audio-decoder-ogg-vorbis: bf7c407c2cedff20999df2af8eb42d56 -> 
========================================================================
Received Prepare
Registering precompiled user dll's ...
Registered in 0,002734 seconds.
Begin MonoManager ReloadAssembly
Symbol file LoadedFromMemory doesn't match image /home/arseniy/what the dog doin/Library/PackageCache/com.unity.visualscripting@1.7.8/Editor/VisualScripting.Core/Dependencies/YamlDotNet/Unity.VisualScripting.YamlDotNet.dll
Symbol file LoadedFromMemory doesn't match image /home/arseniy/what the dog doin/Library/PackageCache/com.unity.visualscripting@1.7.8/Editor/VisualScripting.Core/Dependencies/DotNetZip/Unity.VisualScripting.IonicZip.dll
Native extension for LinuxStandalone target not found
Native extension for WindowsStandalone target not found
Native extension for Android target not found
Native extension for WebGL target not found
Refreshing native plugins compatible for Editor in 0,87 ms, found 0 plugins.
Preloading 0 native plugins for Editor in 0,00 ms.
Mono: successfully reloaded assembly
- Completed reload, in  1,528 seconds
Domain Reload Profiling:
	ReloadAssembly (1529ms)
		BeginReloadAssembly (160ms)
			ExecutionOrderSort (0ms)
			DisableScriptedObjects (10ms)
			BackupInstance (0ms)
			ReleaseScriptingObjects (0ms)
			CreateAndSetChildDomain (63ms)
		EndReloadAssembly (1277ms)
			LoadAssemblies (86ms)
			RebuildTransferFunctionScriptingTraits (0ms)
			SetupTypeCache (378ms)
			ReleaseScriptCaches (2ms)
			RebuildScriptCaches (53ms)
			SetupLoadedEditorAssemblies (434ms)
				LogAssemblyErrors (0ms)
				InitializePlatformSupportModulesInManaged (19ms)
				SetLoadedEditorAssemblies (1ms)
				RefreshPlugins (1ms)
				BeforeProcessingInitializeOnLoad (76ms)
				ProcessInitializeOnLoadAttributes (235ms)
				ProcessInitializeOnLoadMethodAttributes (98ms)
				AfterProcessingInitializeOnLoad (4ms)
				EditorAssembliesLoaded (0ms)
			ExecutionOrderSort2 (0ms)
			AwakeInstancesAfterBackupRestoration (29ms)
Platform modules already initialized, skipping
Refreshing native plugins compatible for Editor in 1,72 ms, found 0 plugins.
Preloading 0 native plugins for Editor in 0,00 ms.
Unloading 5788 Unused Serialized files (Serialized files now loaded: 0)
Unloading 28 unused Assets / (287,4 KB). Loaded Objects now: 6609.
Memory consumption went from 238,7 MB to 238,4 MB.
Total: 4,618687 ms (FindLiveObjects: 0,462266 ms CreateObjectMapping: 0,339487 ms MarkObjects: 3,477983 ms  DeleteObjects: 0,337753 ms)

AssetImportParameters requested are different than current active one (requested -> active):
  custom:video-decoder-ogg-theora: a1e56fd34408186e4bbccfd4996cb3dc -> 
  custom:container-muxer-webm: aa71ff27fc2769a1b78a27578f13a17b -> 
  custom:container-demuxer-webm: 4f35f7cbe854078d1ac9338744f61a02 -> 
  custom:video-encoder-webm-vp8: eb34c28f22e8b96e1ab97ce403110664 -> 
  custom:audio-encoder-webm-vorbis: bf7c407c2cedff20999df2af8eb42d56 -> 
  custom:container-demuxer-ogg: 62fdf1f143b41e24485cea50d1cbac27 -> 
  custom:video-decoder-webm-vp8: 9c59270c3fd7afecdb556c50c9e8de78 -> 
  custom:audio-decoder-ogg-vorbis: bf7c407c2cedff20999df2af8eb42d56 -> 
========================================================================
Received Prepare
Registering precompiled user dll's ...
Registered in 0,002763 seconds.
Begin MonoManager ReloadAssembly
Symbol file LoadedFromMemory doesn't match image /home/arseniy/what the dog doin/Library/PackageCache/com.unity.visualscripting@1.7.8/Editor/VisualScripting.Core/Dependencies/YamlDotNet/Unity.VisualScripting.YamlDotNet.dll
Symbol file LoadedFromMemory doesn't match image /home/arseniy/what the dog doin/Library/PackageCache/com.unity.visualscripting@1.7.8/Editor/VisualScripting.Core/Dependencies/DotNetZip/Unity.VisualScripting.IonicZip.dll
Native extension for LinuxStandalone target not found
Native extension for WindowsStandalone target not found
Native extension for Android target not found
Native extension for WebGL target not found
Refreshing native plugins compatible for Editor in 1,13 ms, found 0 plugins.
Preloading 0 native plugins for Editor in 0,00 ms.
Mono: successfully reloaded assembly
- Completed reload, in  1,153 seconds
Domain Reload Profiling:
	ReloadAssembly (1154ms)
		BeginReloadAssembly (120ms)
			ExecutionOrderSort (0ms)
			DisableScriptedObjects (10ms)
			BackupInstance (0ms)
			ReleaseScriptingObjects (0ms)
			CreateAndSetChildDomain (46ms)
		EndReloadAssembly (943ms)
			LoadAssemblies (54ms)
			RebuildTransferFunctionScriptingTraits (0ms)
			SetupTypeCache (298ms)
			ReleaseScriptCaches (2ms)
			RebuildScriptCaches (54ms)
			SetupLoadedEditorAssemblies (444ms)
				LogAssemblyErrors (0ms)
				InitializePlatformSupportModulesInManaged (23ms)
				SetLoadedEditorAssemblies (0ms)
				RefreshPlugins (1ms)
				BeforeProcessingInitializeOnLoad (77ms)
				ProcessInitializeOnLoadAttributes (237ms)
				ProcessInitializeOnLoadMethodAttributes (101ms)
				AfterProcessingInitializeOnLoad (4ms)
				EditorAssembliesLoaded (0ms)
			ExecutionOrderSort2 (0ms)
			AwakeInstancesAfterBackupRestoration (17ms)
Platform modules already initialized, skipping
Refreshing native plugins compatible for Editor in 1,83 ms, found 0 plugins.
Preloading 0 native plugins for Editor in 0,00 ms.
Unloading 5788 Unused Serialized files (Serialized files now loaded: 0)
Unloading 28 unused Assets / (282,9 KB). Loaded Objects now: 6613.
Memory consumption went from 238,6 MB to 238,3 MB.
Total: 7,599061 ms (FindLiveObjects: 0,727468 ms CreateObjectMapping: 0,620034 ms MarkObjects: 5,493671 ms  DeleteObjects: 0,755237 ms)

AssetImportParameters requested are different than current active one (requested -> active):
  custom:video-decoder-ogg-theora: a1e56fd34408186e4bbccfd4996cb3dc -> 
  custom:container-muxer-webm: aa71ff27fc2769a1b78a27578f13a17b -> 
  custom:container-demuxer-webm: 4f35f7cbe854078d1ac9338744f61a02 -> 
  custom:video-encoder-webm-vp8: eb34c28f22e8b96e1ab97ce403110664 -> 
  custom:audio-encoder-webm-vorbis: bf7c407c2cedff20999df2af8eb42d56 -> 
  custom:container-demuxer-ogg: 62fdf1f143b41e24485cea50d1cbac27 -> 
  custom:video-decoder-webm-vp8: 9c59270c3fd7afecdb556c50c9e8de78 -> 
  custom:audio-decoder-ogg-vorbis: bf7c407c2cedff20999df2af8eb42d56 -> 
========================================================================
Received Prepare
Registering precompiled user dll's ...
Registered in 0,002715 seconds.
Begin MonoManager ReloadAssembly
Symbol file LoadedFromMemory doesn't match image /home/arseniy/what the dog doin/Library/PackageCache/com.unity.visualscripting@1.7.8/Editor/VisualScripting.Core/Dependencies/YamlDotNet/Unity.VisualScripting.YamlDotNet.dll
Symbol file LoadedFromMemory doesn't match image /home/arseniy/what the dog doin/Library/PackageCache/com.unity.visualscripting@1.7.8/Editor/VisualScripting.Core/Dependencies/DotNetZip/Unity.VisualScripting.IonicZip.dll
Native extension for LinuxStandalone target not found
Native extension for WindowsStandalone target not found
Native extension for Android target not found
Native extension for WebGL target not found
Refreshing native plugins compatible for Editor in 0,86 ms, found 0 plugins.
Preloading 0 native plugins for Editor in 0,00 ms.
Mono: successfully reloaded assembly
- Completed reload, in  1,126 seconds
Domain Reload Profiling:
	ReloadAssembly (1127ms)
		BeginReloadAssembly (108ms)
			ExecutionOrderSort (0ms)
			DisableScriptedObjects (6ms)
			BackupInstance (0ms)
			ReleaseScriptingObjects (0ms)
			CreateAndSetChildDomain (40ms)
		EndReloadAssembly (930ms)
			LoadAssemblies (50ms)
			RebuildTransferFunctionScriptingTraits (0ms)
			SetupTypeCache (284ms)
			ReleaseScriptCaches (3ms)
			RebuildScriptCaches (50ms)
			SetupLoadedEditorAssemblies (447ms)
				LogAssemblyErrors (0ms)
				InitializePlatformSupportModulesInManaged (18ms)
				SetLoadedEditorAssemblies (0ms)
				RefreshPlugins (1ms)
				BeforeProcessingInitializeOnLoad (74ms)
				ProcessInitializeOnLoadAttributes (252ms)
				ProcessInitializeOnLoadMethodAttributes (98ms)
				AfterProcessingInitializeOnLoad (4ms)
				EditorAssembliesLoaded (0ms)
			ExecutionOrderSort2 (0ms)
			AwakeInstancesAfterBackupRestoration (19ms)
Platform modules already initialized, skipping
Refreshing native plugins compatible for Editor in 1,64 ms, found 0 plugins.
Preloading 0 native plugins for Editor in 0,00 ms.
Unloading 5788 Unused Serialized files (Serialized files now loaded: 0)
Unloading 28 unused Assets / (282,8 KB). Loaded Objects now: 6617.
Memory consumption went from 238,6 MB to 238,4 MB.
Total: 4,545263 ms (FindLiveObjects: 0,451214 ms CreateObjectMapping: 0,626934 ms MarkObjects: 3,189338 ms  DeleteObjects: 0,262782 ms)

AssetImportParameters requested are different than current active one (requested -> active):
  custom:video-decoder-ogg-theora: a1e56fd34408186e4bbccfd4996cb3dc -> 
  custom:container-muxer-webm: aa71ff27fc2769a1b78a27578f13a17b -> 
  custom:container-demuxer-webm: 4f35f7cbe854078d1ac9338744f61a02 -> 
  custom:video-encoder-webm-vp8: eb34c28f22e8b96e1ab97ce403110664 -> 
  custom:audio-encoder-webm-vorbis: bf7c407c2cedff20999df2af8eb42d56 -> 
  custom:container-demuxer-ogg: 62fdf1f143b41e24485cea50d1cbac27 -> 
  custom:video-decoder-webm-vp8: 9c59270c3fd7afecdb556c50c9e8de78 -> 
  custom:audio-decoder-ogg-vorbis: bf7c407c2cedff20999df2af8eb42d56 -> 
========================================================================
Received Prepare
Registering precompiled user dll's ...
Registered in 0,002761 seconds.
Begin MonoManager ReloadAssembly
Symbol file LoadedFromMemory doesn't match image /home/arseniy/what the dog doin/Library/PackageCache/com.unity.visualscripting@1.7.8/Editor/VisualScripting.Core/Dependencies/YamlDotNet/Unity.VisualScripting.YamlDotNet.dll
Symbol file LoadedFromMemory doesn't match image /home/arseniy/what the dog doin/Library/PackageCache/com.unity.visualscripting@1.7.8/Editor/VisualScripting.Core/Dependencies/DotNetZip/Unity.VisualScripting.IonicZip.dll
Native extension for LinuxStandalone target not found
Native extension for WindowsStandalone target not found
Native extension for Android target not found
Native extension for WebGL target not found
Refreshing native plugins compatible for Editor in 0,91 ms, found 0 plugins.
Preloading 0 native plugins for Editor in 0,00 ms.
Mono: successfully reloaded assembly
- Completed reload, in  1,121 seconds
Domain Reload Profiling:
	ReloadAssembly (1122ms)
		BeginReloadAssembly (111ms)
			ExecutionOrderSort (0ms)
			DisableScriptedObjects (7ms)
			BackupInstance (0ms)
			ReleaseScriptingObjects (0ms)
			CreateAndSetChildDomain (40ms)
		EndReloadAssembly (917ms)
			LoadAssemblies (53ms)
			RebuildTransferFunctionScriptingTraits (0ms)
			SetupTypeCache (284ms)
			ReleaseScriptCaches (2ms)
			RebuildScriptCaches (52ms)
			SetupLoadedEditorAssemblies (435ms)
				LogAssemblyErrors (0ms)
				InitializePlatformSupportModulesInManaged (20ms)
				SetLoadedEditorAssemblies (0ms)
				RefreshPlugins (1ms)
				BeforeProcessingInitializeOnLoad (74ms)
				ProcessInitializeOnLoadAttributes (235ms)
				ProcessInitializeOnLoadMethodAttributes (100ms)
				AfterProcessingInitializeOnLoad (4ms)
				EditorAssembliesLoaded (0ms)
			ExecutionOrderSort2 (0ms)
			AwakeInstancesAfterBackupRestoration (21ms)
Platform modules already initialized, skipping
Refreshing native plugins compatible for Editor in 1,73 ms, found 0 plugins.
Preloading 0 native plugins for Editor in 0,00 ms.
Unloading 5788 Unused Serialized files (Serialized files now loaded: 0)
Unloading 28 unused Assets / (287,4 KB). Loaded Objects now: 6621.
Memory consumption went from 238,7 MB to 238,4 MB.
Total: 5,174156 ms (FindLiveObjects: 0,456314 ms CreateObjectMapping: 0,494895 ms MarkObjects: 3,855825 ms  DeleteObjects: 0,366104 ms)

AssetImportParameters requested are different than current active one (requested -> active):
  custom:video-decoder-ogg-theora: a1e56fd34408186e4bbccfd4996cb3dc -> 
  custom:container-muxer-webm: aa71ff27fc2769a1b78a27578f13a17b -> 
  custom:container-demuxer-webm: 4f35f7cbe854078d1ac9338744f61a02 -> 
  custom:video-encoder-webm-vp8: eb34c28f22e8b96e1ab97ce403110664 -> 
  custom:audio-encoder-webm-vorbis: bf7c407c2cedff20999df2af8eb42d56 -> 
  custom:container-demuxer-ogg: 62fdf1f143b41e24485cea50d1cbac27 -> 
  custom:video-decoder-webm-vp8: 9c59270c3fd7afecdb556c50c9e8de78 -> 
  custom:audio-decoder-ogg-vorbis: bf7c407c2cedff20999df2af8eb42d56 -> 
========================================================================
Received Prepare
Registering precompiled user dll's ...
Registered in 0,002730 seconds.
Begin MonoManager ReloadAssembly
Symbol file LoadedFromMemory doesn't match image /home/arseniy/what the dog doin/Library/PackageCache/com.unity.visualscripting@1.7.8/Editor/VisualScripting.Core/Dependencies/YamlDotNet/Unity.VisualScripting.YamlDotNet.dll
Symbol file LoadedFromMemory doesn't match image /home/arseniy/what the dog doin/Library/PackageCache/com.unity.visualscripting@1.7.8/Editor/VisualScripting.Core/Dependencies/DotNetZip/Unity.VisualScripting.IonicZip.dll
Native extension for LinuxStandalone target not found
Native extension for WindowsStandalone target not found
Native extension for Android target not found
Native extension for WebGL target not found
Refreshing native plugins compatible for Editor in 2,95 ms, found 0 plugins.
Preloading 0 native plugins for Editor in 0,00 ms.
Mono: successfully reloaded assembly
- Completed reload, in  1,115 seconds
Domain Reload Profiling:
	ReloadAssembly (1116ms)
		BeginReloadAssembly (110ms)
			ExecutionOrderSort (0ms)
			DisableScriptedObjects (6ms)
			BackupInstance (0ms)
			ReleaseScriptingObjects (0ms)
			CreateAndSetChildDomain (40ms)
		EndReloadAssembly (917ms)
			LoadAssemblies (49ms)
			RebuildTransferFunctionScriptingTraits (0ms)
			SetupTypeCache (283ms)
			ReleaseScriptCaches (2ms)
			RebuildScriptCaches (50ms)
			SetupLoadedEditorAssemblies (441ms)
				LogAssemblyErrors (0ms)
				InitializePlatformSupportModulesInManaged (18ms)
				SetLoadedEditorAssemblies (0ms)
				RefreshPlugins (3ms)
				BeforeProcessingInitializeOnLoad (80ms)
				ProcessInitializeOnLoadAttributes (232ms)
				ProcessInitializeOnLoadMethodAttributes (102ms)
				AfterProcessingInitializeOnLoad (4ms)
				EditorAssembliesLoaded (0ms)
			ExecutionOrderSort2 (0ms)
			AwakeInstancesAfterBackupRestoration (17ms)
Platform modules already initialized, skipping
Refreshing native plugins compatible for Editor in 1,65 ms, found 0 plugins.
Preloading 0 native plugins for Editor in 0,00 ms.
Unloading 5788 Unused Serialized files (Serialized files now loaded: 0)
Unloading 28 unused Assets / (282,9 KB). Loaded Objects now: 6625.
Memory consumption went from 238,7 MB to 238,4 MB.
Total: 4,455287 ms (FindLiveObjects: 0,455556 ms CreateObjectMapping: 0,371549 ms MarkObjects: 3,259018 ms  DeleteObjects: 0,367858 ms)

AssetImportParameters requested are different than current active one (requested -> active):
  custom:video-decoder-ogg-theora: a1e56fd34408186e4bbccfd4996cb3dc -> 
  custom:container-muxer-webm: aa71ff27fc2769a1b78a27578f13a17b -> 
  custom:container-demuxer-webm: 4f35f7cbe854078d1ac9338744f61a02 -> 
  custom:video-encoder-webm-vp8: eb34c28f22e8b96e1ab97ce403110664 -> 
  custom:audio-encoder-webm-vorbis: bf7c407c2cedff20999df2af8eb42d56 -> 
  custom:container-demuxer-ogg: 62fdf1f143b41e24485cea50d1cbac27 -> 
  custom:video-decoder-webm-vp8: 9c59270c3fd7afecdb556c50c9e8de78 -> 
  custom:audio-decoder-ogg-vorbis: bf7c407c2cedff20999df2af8eb42d56 -> 
========================================================================
Received Prepare
Registering precompiled user dll's ...
Registered in 0,002718 seconds.
Begin MonoManager ReloadAssembly
Symbol file LoadedFromMemory doesn't match image /home/arseniy/what the dog doin/Library/PackageCache/com.unity.visualscripting@1.7.8/Editor/VisualScripting.Core/Dependencies/YamlDotNet/Unity.VisualScripting.YamlDotNet.dll
Symbol file LoadedFromMemory doesn't match image /home/arseniy/what the dog doin/Library/PackageCache/com.unity.visualscripting@1.7.8/Editor/VisualScripting.Core/Dependencies/DotNetZip/Unity.VisualScripting.IonicZip.dll
Native extension for LinuxStandalone target not found
Native extension for WindowsStandalone target not found
Native extension for Android target not found
Native extension for WebGL target not found
Refreshing native plugins compatible for Editor in 0,89 ms, found 0 plugins.
Preloading 0 native plugins for Editor in 0,00 ms.
Mono: successfully reloaded assembly
- Completed reload, in  1,157 seconds
Domain Reload Profiling:
	ReloadAssembly (1158ms)
		BeginReloadAssembly (114ms)
			ExecutionOrderSort (0ms)
			DisableScriptedObjects (6ms)
			BackupInstance (0ms)
			ReleaseScriptingObjects (0ms)
			CreateAndSetChildDomain (43ms)
		EndReloadAssembly (952ms)
			LoadAssemblies (52ms)
			RebuildTransferFunctionScriptingTraits (0ms)
			SetupTypeCache (290ms)
			ReleaseScriptCaches (2ms)
			RebuildScriptCaches (55ms)
			SetupLoadedEditorAssemblies (448ms)
				LogAssemblyErrors (0ms)
				InitializePlatformSupportModulesInManaged (19ms)
				SetLoadedEditorAssemblies (0ms)
				RefreshPlugins (1ms)
				BeforeProcessingInitializeOnLoad (74ms)
				ProcessInitializeOnLoadAttributes (246ms)
				ProcessInitializeOnLoadMethodAttributes (102ms)
				AfterProcessingInitializeOnLoad (4ms)
				EditorAssembliesLoaded (0ms)
			ExecutionOrderSort2 (0ms)
			AwakeInstancesAfterBackupRestoration (24ms)
Platform modules already initialized, skipping
Refreshing native plugins compatible for Editor in 2,28 ms, found 0 plugins.
Preloading 0 native plugins for Editor in 0,00 ms.
Unloading 5788 Unused Serialized files (Serialized files now loaded: 0)
Unloading 28 unused Assets / (269,4 KB). Loaded Objects now: 6629.
Memory consumption went from 238,7 MB to 238,4 MB.
Total: 5,313926 ms (FindLiveObjects: 0,574418 ms CreateObjectMapping: 0,397508 ms MarkObjects: 4,024897 ms  DeleteObjects: 0,315074 ms)

AssetImportParameters requested are different than current active one (requested -> active):
  custom:video-decoder-ogg-theora: a1e56fd34408186e4bbccfd4996cb3dc -> 
  custom:container-muxer-webm: aa71ff27fc2769a1b78a27578f13a17b -> 
  custom:container-demuxer-webm: 4f35f7cbe854078d1ac9338744f61a02 -> 
  custom:video-encoder-webm-vp8: eb34c28f22e8b96e1ab97ce403110664 -> 
  custom:audio-encoder-webm-vorbis: bf7c407c2cedff20999df2af8eb42d56 -> 
  custom:container-demuxer-ogg: 62fdf1f143b41e24485cea50d1cbac27 -> 
  custom:video-decoder-webm-vp8: 9c59270c3fd7afecdb556c50c9e8de78 -> 
  custom:audio-decoder-ogg-vorbis: bf7c407c2cedff20999df2af8eb42d56 -> 
========================================================================
Received Prepare
Registering precompiled user dll's ...
Registered in 0,002985 seconds.
Begin MonoManager ReloadAssembly
Symbol file LoadedFromMemory doesn't match image /home/arseniy/what the dog doin/Library/PackageCache/com.unity.visualscripting@1.7.8/Editor/VisualScripting.Core/Dependencies/YamlDotNet/Unity.VisualScripting.YamlDotNet.dll
Symbol file LoadedFromMemory doesn't match image /home/arseniy/what the dog doin/Library/PackageCache/com.unity.visualscripting@1.7.8/Editor/VisualScripting.Core/Dependencies/DotNetZip/Unity.VisualScripting.IonicZip.dll
Native extension for LinuxStandalone target not found
Native extension for WindowsStandalone target not found
Native extension for Android target not found
Native extension for WebGL target not found
Refreshing native plugins compatible for Editor in 0,92 ms, found 0 plugins.
Preloading 0 native plugins for Editor in 0,00 ms.
Mono: successfully reloaded assembly
- Completed reload, in  1,111 seconds
Domain Reload Profiling:
	ReloadAssembly (1111ms)
		BeginReloadAssembly (111ms)
			ExecutionOrderSort (0ms)
			DisableScriptedObjects (6ms)
			BackupInstance (0ms)
			ReleaseScriptingObjects (0ms)
			CreateAndSetChildDomain (44ms)
		EndReloadAssembly (912ms)
			LoadAssemblies (52ms)
			RebuildTransferFunctionScriptingTraits (0ms)
			SetupTypeCache (283ms)
			ReleaseScriptCaches (2ms)
			RebuildScriptCaches (55ms)
			SetupLoadedEditorAssemblies (429ms)
				LogAssemblyErrors (0ms)
				InitializePlatformSupportModulesInManaged (19ms)
				SetLoadedEditorAssemblies (1ms)
				RefreshPlugins (1ms)
				BeforeProcessingInitializeOnLoad (75ms)
				ProcessInitializeOnLoadAttributes (226ms)
				ProcessInitializeOnLoadMethodAttributes (103ms)
				AfterProcessingInitializeOnLoad (4ms)
				EditorAssembliesLoaded (0ms)
			ExecutionOrderSort2 (0ms)
			AwakeInstancesAfterBackupRestoration (15ms)
Platform modules already initialized, skipping
Refreshing native plugins compatible for Editor in 1,76 ms, found 0 plugins.
Preloading 0 native plugins for Editor in 0,00 ms.
Unloading 5788 Unused Serialized files (Serialized files now loaded: 0)
Unloading 28 unused Assets / (278,3 KB). Loaded Objects now: 6633.
Memory consumption went from 238,7 MB to 238,4 MB.
Total: 5,100922 ms (FindLiveObjects: 0,485740 ms CreateObjectMapping: 0,534808 ms MarkObjects: 3,711514 ms  DeleteObjects: 0,367460 ms)

AssetImportParameters requested are different than current active one (requested -> active):
  custom:video-decoder-ogg-theora: a1e56fd34408186e4bbccfd4996cb3dc -> 
  custom:container-muxer-webm: aa71ff27fc2769a1b78a27578f13a17b -> 
  custom:container-demuxer-webm: 4f35f7cbe854078d1ac9338744f61a02 -> 
  custom:video-encoder-webm-vp8: eb34c28f22e8b96e1ab97ce403110664 -> 
  custom:audio-encoder-webm-vorbis: bf7c407c2cedff20999df2af8eb42d56 -> 
  custom:container-demuxer-ogg: 62fdf1f143b41e24485cea50d1cbac27 -> 
  custom:video-decoder-webm-vp8: 9c59270c3fd7afecdb556c50c9e8de78 -> 
  custom:audio-decoder-ogg-vorbis: bf7c407c2cedff20999df2af8eb42d56 -> 
========================================================================
Received Prepare
Registering precompiled user dll's ...
Registered in 0,002725 seconds.
Begin MonoManager ReloadAssembly
Symbol file LoadedFromMemory doesn't match image /home/arseniy/what the dog doin/Library/PackageCache/com.unity.visualscripting@1.7.8/Editor/VisualScripting.Core/Dependencies/YamlDotNet/Unity.VisualScripting.YamlDotNet.dll
Symbol file LoadedFromMemory doesn't match image /home/arseniy/what the dog doin/Library/PackageCache/com.unity.visualscripting@1.7.8/Editor/VisualScripting.Core/Dependencies/DotNetZip/Unity.VisualScripting.IonicZip.dll
Native extension for LinuxStandalone target not found
Native extension for WindowsStandalone target not found
Native extension for Android target not found
Native extension for WebGL target not found
Refreshing native plugins compatible for Editor in 0,91 ms, found 0 plugins.
Preloading 0 native plugins for Editor in 0,00 ms.
Mono: successfully reloaded assembly
- Completed reload, in  1,134 seconds
Domain Reload Profiling:
	ReloadAssembly (1135ms)
		BeginReloadAssembly (116ms)
			ExecutionOrderSort (0ms)
			DisableScriptedObjects (7ms)
			BackupInstance (0ms)
			ReleaseScriptingObjects (0ms)
			CreateAndSetChildDomain (48ms)
		EndReloadAssembly (930ms)
			LoadAssemblies (53ms)
			RebuildTransferFunctionScriptingTraits (0ms)
			SetupTypeCache (284ms)
			ReleaseScriptCaches (2ms)
			RebuildScriptCaches (56ms)
			SetupLoadedEditorAssemblies (443ms)
				LogAssemblyErrors (0ms)
				InitializePlatformSupportModulesInManaged (19ms)
				SetLoadedEditorAssemblies (0ms)
				RefreshPlugins (1ms)
				BeforeProcessingInitializeOnLoad (78ms)
				ProcessInitializeOnLoadAttributes (238ms)
				ProcessInitializeOnLoadMethodAttributes (102ms)
				AfterProcessingInitializeOnLoad (4ms)
				EditorAssembliesLoaded (0ms)
			ExecutionOrderSort2 (0ms)
			AwakeInstancesAfterBackupRestoration (19ms)
Platform modules already initialized, skipping
Refreshing native plugins compatible for Editor in 1,69 ms, found 0 plugins.
Preloading 0 native plugins for Editor in 0,00 ms.
Unloading 5788 Unused Serialized files (Serialized files now loaded: 0)
Unloading 28 unused Assets / (274,2 KB). Loaded Objects now: 6637.
Memory consumption went from 238,7 MB to 238,4 MB.
Total: 5,477794 ms (FindLiveObjects: 0,496349 ms CreateObjectMapping: 0,397664 ms MarkObjects: 4,055521 ms  DeleteObjects: 0,526564 ms)

AssetImportParameters requested are different than current active one (requested -> active):
  custom:video-decoder-ogg-theora: a1e56fd34408186e4bbccfd4996cb3dc -> 
  custom:container-muxer-webm: aa71ff27fc2769a1b78a27578f13a17b -> 
  custom:container-demuxer-webm: 4f35f7cbe854078d1ac9338744f61a02 -> 
  custom:video-encoder-webm-vp8: eb34c28f22e8b96e1ab97ce403110664 -> 
  custom:audio-encoder-webm-vorbis: bf7c407c2cedff20999df2af8eb42d56 -> 
  custom:container-demuxer-ogg: 62fdf1f143b41e24485cea50d1cbac27 -> 
  custom:video-decoder-webm-vp8: 9c59270c3fd7afecdb556c50c9e8de78 -> 
  custom:audio-decoder-ogg-vorbis: bf7c407c2cedff20999df2af8eb42d56 -> 
========================================================================
Received Import Request.
  Time since last request: 2948,950664 seconds.
  path: ProjectSettings/TagManager.asset
  artifactKey: Guid(00000000000000003000000000000000) Importer(815301076,1909f56bfc062723c751e8b465ee728b)
Start importing ProjectSettings/TagManager.asset using Guid(00000000000000003000000000000000) Importer(815301076,1909f56bfc062723c751e8b465ee728b)  -> (artifact id: '11a71c54b4a0c06d91867f44a452d7fd') in 0,057607 seconds 
========================================================================
Received Prepare
Refreshing native plugins compatible for Editor in 3,51 ms, found 0 plugins.
Preloading 0 native plugins for Editor in 0,00 ms.
Unloading 28 Unused Serialized files (Serialized files now loaded: 0)
Unloading 29 unused Assets / (287,3 KB). Loaded Objects now: 6637.
Memory consumption went from 122,2 MB to 121,9 MB.
Total: 4,880276 ms (FindLiveObjects: 0,415880 ms CreateObjectMapping: 0,366718 ms MarkObjects: 3,722208 ms  DeleteObjects: 0,374554 ms)

AssetImportParameters requested are different than current active one (requested -> active):
  custom:video-decoder-ogg-theora: a1e56fd34408186e4bbccfd4996cb3dc -> 
  custom:container-muxer-webm: aa71ff27fc2769a1b78a27578f13a17b -> 
  custom:container-demuxer-webm: 4f35f7cbe854078d1ac9338744f61a02 -> 
  custom:video-encoder-webm-vp8: eb34c28f22e8b96e1ab97ce403110664 -> 
  custom:audio-encoder-webm-vorbis: bf7c407c2cedff20999df2af8eb42d56 -> 
  custom:container-demuxer-ogg: 62fdf1f143b41e24485cea50d1cbac27 -> 
  custom:video-decoder-webm-vp8: 9c59270c3fd7afecdb556c50c9e8de78 -> 
  custom:audio-decoder-ogg-vorbis: bf7c407c2cedff20999df2af8eb42d56 -> 
========================================================================
Received Prepare
Registering precompiled user dll's ...
Registered in 0,002723 seconds.
Begin MonoManager ReloadAssembly
Symbol file LoadedFromMemory doesn't match image /home/arseniy/what the dog doin/Library/PackageCache/com.unity.visualscripting@1.7.8/Editor/VisualScripting.Core/Dependencies/YamlDotNet/Unity.VisualScripting.YamlDotNet.dll
Symbol file LoadedFromMemory doesn't match image /home/arseniy/what the dog doin/Library/PackageCache/com.unity.visualscripting@1.7.8/Editor/VisualScripting.Core/Dependencies/DotNetZip/Unity.VisualScripting.IonicZip.dll
Native extension for LinuxStandalone target not found
Native extension for WindowsStandalone target not found
Native extension for Android target not found
Native extension for WebGL target not found
Refreshing native plugins compatible for Editor in 1,05 ms, found 0 plugins.
Preloading 0 native plugins for Editor in 0,00 ms.
Mono: successfully reloaded assembly
- Completed reload, in  1,125 seconds
Domain Reload Profiling:
	ReloadAssembly (1125ms)
		BeginReloadAssembly (122ms)
			ExecutionOrderSort (0ms)
			DisableScriptedObjects (6ms)
			BackupInstance (0ms)
			ReleaseScriptingObjects (0ms)
			CreateAndSetChildDomain (43ms)
		EndReloadAssembly (917ms)
			LoadAssemblies (51ms)
			RebuildTransferFunctionScriptingTraits (0ms)
			SetupTypeCache (277ms)
			ReleaseScriptCaches (2ms)
			RebuildScriptCaches (50ms)
			SetupLoadedEditorAssemblies (420ms)
				LogAssemblyErrors (0ms)
				InitializePlatformSupportModulesInManaged (18ms)
				SetLoadedEditorAssemblies (0ms)
				RefreshPlugins (1ms)
				BeforeProcessingInitializeOnLoad (76ms)
				ProcessInitializeOnLoadAttributes (225ms)
				ProcessInitializeOnLoadMethodAttributes (95ms)
				AfterProcessingInitializeOnLoad (4ms)
				EditorAssembliesLoaded (0ms)
			ExecutionOrderSort2 (0ms)
			AwakeInstancesAfterBackupRestoration (16ms)
Platform modules already initialized, skipping
Refreshing native plugins compatible for Editor in 3,07 ms, found 0 plugins.
Preloading 0 native plugins for Editor in 0,00 ms.
Unloading 5788 Unused Serialized files (Serialized files now loaded: 0)
Unloading 28 unused Assets / (287,2 KB). Loaded Objects now: 6641.
Memory consumption went from 238,7 MB to 238,4 MB.
Total: 6,448435 ms (FindLiveObjects: 0,621371 ms CreateObjectMapping: 0,639250 ms MarkObjects: 4,675034 ms  DeleteObjects: 0,510391 ms)

AssetImportParameters requested are different than current active one (requested -> active):
  custom:video-decoder-ogg-theora: a1e56fd34408186e4bbccfd4996cb3dc -> 
  custom:container-muxer-webm: aa71ff27fc2769a1b78a27578f13a17b -> 
  custom:container-demuxer-webm: 4f35f7cbe854078d1ac9338744f61a02 -> 
  custom:video-encoder-webm-vp8: eb34c28f22e8b96e1ab97ce403110664 -> 
  custom:audio-encoder-webm-vorbis: bf7c407c2cedff20999df2af8eb42d56 -> 
  custom:container-demuxer-ogg: 62fdf1f143b41e24485cea50d1cbac27 -> 
  custom:video-decoder-webm-vp8: 9c59270c3fd7afecdb556c50c9e8de78 -> 
  custom:audio-decoder-ogg-vorbis: bf7c407c2cedff20999df2af8eb42d56 -> 
========================================================================
Received Import Request.
  Time since last request: 1363,040678 seconds.
  path: Assets/Presets/3dgifmaker35686.gif
  artifactKey: Guid(caea0e4f9f832547a85492e0fc4fc015) Importer(815301076,1909f56bfc062723c751e8b465ee728b)
Start importing Assets/Presets/3dgifmaker35686.gif using Guid(caea0e4f9f832547a85492e0fc4fc015) Importer(815301076,1909f56bfc062723c751e8b465ee728b)  -> (artifact id: '7b2b01cb5791f0e487c187d0d1626710') in 0,673180 seconds 
========================================================================
Received Import Request.
  Time since last request: 0,000070 seconds.
  path: Assets/Presets/pallet.fbx
  artifactKey: Guid(506a9436c8c68a8159fb86cfdcb694f3) Importer(815301076,1909f56bfc062723c751e8b465ee728b)
Start importing Assets/Presets/pallet.fbx using Guid(506a9436c8c68a8159fb86cfdcb694f3) Importer(815301076,1909f56bfc062723c751e8b465ee728b)  -> (artifact id: '51e307053379a5cc59fbdf526948bf2f') in 1,096930 seconds 
========================================================================
Received Import Request.
  Time since last request: 0,000137 seconds.
  path: Assets/Presets/bruh.mp3
  artifactKey: Guid(bb920448aca4fa7fbaeefc39392b2a6d) Importer(815301076,1909f56bfc062723c751e8b465ee728b)
Start importing Assets/Presets/bruh.mp3 using Guid(bb920448aca4fa7fbaeefc39392b2a6d) Importer(815301076,1909f56bfc062723c751e8b465ee728b)  -> (artifact id: '28d4d115598b03bea62b955f2b717675') in 0,324128 seconds 
========================================================================
Received Import Request.
  Time since last request: 0,000073 seconds.
  path: Assets/Presets/dwalk1.mp3
  artifactKey: Guid(938809dcdc7ce47a8b23b217348930cc) Importer(815301076,1909f56bfc062723c751e8b465ee728b)
Start importing Assets/Presets/dwalk1.mp3 using Guid(938809dcdc7ce47a8b23b217348930cc) Importer(815301076,1909f56bfc062723c751e8b465ee728b)  -> (artifact id: '35462cab252444a673504b9858651ab7') in 0,063448 seconds 
========================================================================
Received Import Request.
  Time since last request: 0,000030 seconds.
  path: Assets/Presets/ost.wav
  artifactKey: Guid(556475fc4a879139095bf5a74b2b0718) Importer(815301076,1909f56bfc062723c751e8b465ee728b)
Start importing Assets/Presets/ost.wav using Guid(556475fc4a879139095bf5a74b2b0718) Importer(815301076,1909f56bfc062723c751e8b465ee728b)  -> (artifact id: 'e3d37d55969fe0c504dfa1046234f07d') in 0,070772 seconds 
========================================================================
Received Import Request.
  Time since last request: 0,000022 seconds.
  path: Assets/Presets/Gouranga-Line.ttf
  artifactKey: Guid(c111484e8694e205db911829e9ca1a74) Importer(815301076,1909f56bfc062723c751e8b465ee728b)
Start importing Assets/Presets/Gouranga-Line.ttf using Guid(c111484e8694e205db911829e9ca1a74) Importer(815301076,1909f56bfc062723c751e8b465ee728b)  -> (artifact id: '6f92cad6781275609a17b8f13ce48693') in 1,044410 seconds 
========================================================================
Received Import Request.
  Time since last request: 0,000034 seconds.
  path: Assets/Presets/WELCOM.fbx
  artifactKey: Guid(f7f8cffc6c9e319768926eaa1656494a) Importer(815301076,1909f56bfc062723c751e8b465ee728b)
Start importing Assets/Presets/WELCOM.fbx using Guid(f7f8cffc6c9e319768926eaa1656494a) Importer(815301076,1909f56bfc062723c751e8b465ee728b)  -> (artifact id: '033ca784f2ffe3a67d80069e85e84e6f') in 0,130437 seconds 
========================================================================
Received Import Request.
  Time since last request: 0,000029 seconds.
  path: Assets/Presets/dog.fbx
  artifactKey: Guid(c52f4a7f355ae8b37b65457cf4b94e54) Importer(815301076,1909f56bfc062723c751e8b465ee728b)
Start importing Assets/Presets/dog.fbx using Guid(c52f4a7f355ae8b37b65457cf4b94e54) Importer(815301076,1909f56bfc062723c751e8b465ee728b)  -> (artifact id: 'fea10823befe6bcd3fca1d69738f15e2') in 0,170212 seconds 
========================================================================
Received Import Request.
  Time since last request: 0,000066 seconds.
  path: Assets/Presets/Gouranga-Outline.ttf
  artifactKey: Guid(78959638b852e21a2ae8afb3f1015717) Importer(815301076,1909f56bfc062723c751e8b465ee728b)
Start importing Assets/Presets/Gouranga-Outline.ttf using Guid(78959638b852e21a2ae8afb3f1015717) Importer(815301076,1909f56bfc062723c751e8b465ee728b)  -> (artifact id: 'dc45a773070f6067f5ed53533fe68a7c') in 0,139502 seconds 
========================================================================
Received Import Request.
  Time since last request: 0,000023 seconds.
  path: Assets/Presets/woklight.fbx
  artifactKey: Guid(954a3c0dffd6fc658ad9034a4785d404) Importer(815301076,1909f56bfc062723c751e8b465ee728b)
Start importing Assets/Presets/woklight.fbx using Guid(954a3c0dffd6fc658ad9034a4785d404) Importer(815301076,1909f56bfc062723c751e8b465ee728b)  -> (artifact id: 'd3fd99c07605afc42d08e2bda546d12c') in 0,219556 seconds 
========================================================================
Received Import Request.
  Time since last request: 0,000030 seconds.
  path: Assets/Presets/couch.fbx
  artifactKey: Guid(02b77f98241bce2f0926b9796eb611ac) Importer(815301076,1909f56bfc062723c751e8b465ee728b)
Start importing Assets/Presets/couch.fbx using Guid(02b77f98241bce2f0926b9796eb611ac) Importer(815301076,1909f56bfc062723c751e8b465ee728b)  -> (artifact id: '741e70e42602a057bf86ad510fb7494a') in 0,020853 seconds 
========================================================================
Received Import Request.
  Time since last request: 0,000027 seconds.
  path: Assets/Presets/Gouranga-Shadow.ttf
  artifactKey: Guid(0650e3827e8f15d1c96b057c8babca4a) Importer(815301076,1909f56bfc062723c751e8b465ee728b)
Start importing Assets/Presets/Gouranga-Shadow.ttf using Guid(0650e3827e8f15d1c96b057c8babca4a) Importer(815301076,1909f56bfc062723c751e8b465ee728b)  -> (artifact id: '5be9fec79d96f9471900438f83f25c49') in 0,144394 seconds 
========================================================================
Received Import Request.
  Time since last request: 0,000027 seconds.
  path: Assets/Presets/key.fbx
  artifactKey: Guid(61e166d248b9112178ca92fb042aa3e4) Importer(815301076,1909f56bfc062723c751e8b465ee728b)
Start importing Assets/Presets/key.fbx using Guid(61e166d248b9112178ca92fb042aa3e4) Importer(815301076,1909f56bfc062723c751e8b465ee728b)  -> (artifact id: '9cb1f857af02a32092b8b5cd6ac22693') in 0,022181 seconds 
========================================================================
Received Import Request.
  Time since last request: 0,000034 seconds.
  path: Assets/Presets/Fad stealth or something like that.mp3
  artifactKey: Guid(1e63d927b988edfc49ad9364e954064a) Importer(815301076,1909f56bfc062723c751e8b465ee728b)
Start importing Assets/Presets/Fad stealth or something like that.mp3 using Guid(1e63d927b988edfc49ad9364e954064a) Importer(815301076,1909f56bfc062723c751e8b465ee728b)  -> (artifact id: '6749ab4a2d0a5e0a6559541ae087a95b') in 0,092290 seconds 
========================================================================
Received Import Request.
  Time since last request: 0,000026 seconds.
  path: Assets/Presets/untitled63.png
  artifactKey: Guid(54befc01b4db59c53b7ab09f6f84b1a7) Importer(815301076,1909f56bfc062723c751e8b465ee728b)
Start importing Assets/Presets/untitled63.png using Guid(54befc01b4db59c53b7ab09f6f84b1a7) Importer(815301076,1909f56bfc062723c751e8b465ee728b)  -> (artifact id: '60276b8e889155c179106e1d311a683e') in 0,577713 seconds 
========================================================================
Received Import Request.
  Time since last request: 0,000028 seconds.
  path: Assets/Presets/dwalk2.mp3
  artifactKey: Guid(ab01b958b6fda3456ad98ac7073d9bca) Importer(815301076,1909f56bfc062723c751e8b465ee728b)
Start importing Assets/Presets/dwalk2.mp3 using Guid(ab01b958b6fda3456ad98ac7073d9bca) Importer(815301076,1909f56bfc062723c751e8b465ee728b)  -> (artifact id: 'b448470bb9bb5b0d73cf0110a171c11a') in 0,062988 seconds 
========================================================================
Received Import Request.
  Time since last request: 0,000045 seconds.
  path: Assets/Presets/Gouranga-Pixel.ttf
  artifactKey: Guid(7dad918b222bbc8678eaba78503a78e5) Importer(815301076,1909f56bfc062723c751e8b465ee728b)
Start importing Assets/Presets/Gouranga-Pixel.ttf using Guid(7dad918b222bbc8678eaba78503a78e5) Importer(815301076,1909f56bfc062723c751e8b465ee728b)  -> (artifact id: 'ba21399bf69d2ddaea0a9dae5056e9ef') in 0,106380 seconds 
========================================================================
Received Import Request.
  Time since last request: 0,000023 seconds.
  path: Assets/Presets/Gouranga-Pixel SDF 1.asset
  artifactKey: Guid(0c6d3c05d218e08e89f21a879e823007) Importer(815301076,1909f56bfc062723c751e8b465ee728b)
Start importing Assets/Presets/Gouranga-Pixel SDF 1.asset using Guid(0c6d3c05d218e08e89f21a879e823007) Importer(815301076,1909f56bfc062723c751e8b465ee728b)  -> (artifact id: '30570c8682e25fbd08f06057e8c22c55') in 1,403893 seconds 
========================================================================
Received Import Request.
  Time since last request: 0,000057 seconds.
  path: Assets/Presets/what is this.fbx
  artifactKey: Guid(c8c90e11c2780c64fbf5b2f2a10a581d) Importer(815301076,1909f56bfc062723c751e8b465ee728b)
Start importing Assets/Presets/what is this.fbx using Guid(c8c90e11c2780c64fbf5b2f2a10a581d) Importer(815301076,1909f56bfc062723c751e8b465ee728b)  -> (artifact id: '1c87b480d324254ddbc428c2fe8384a5') in 0,043131 seconds 
========================================================================
Received Import Request.
  Time since last request: 0,000023 seconds.
  path: Assets/Presets/click.ogg
  artifactKey: Guid(7069a5a0829cd514896678a1b9d3a479) Importer(815301076,1909f56bfc062723c751e8b465ee728b)
Start importing Assets/Presets/click.ogg using Guid(7069a5a0829cd514896678a1b9d3a479) Importer(815301076,1909f56bfc062723c751e8b465ee728b)  -> (artifact id: '874cb5d161f1ab7489390fb57ef78fcf') in 0,072712 seconds 
